{"D:\\GitHub\\studenthub\\.babelrc.js": {"path":"D:\\GitHub\\studenthub\\.babelrc.js","statementMap":{"0":{"start":{"line":1,"column":0},"end":{"line":null,"column":-1}}},"fnMap":{},"branchMap":{},"s":{"0":0},"f":{},"b":{}}
,"D:\\GitHub\\studenthub\\coverage\\lcov-report\\prettify.js": {"path":"D:\\GitHub\\studenthub\\coverage\\lcov-report\\prettify.js","statementMap":{"0":{"start":{"line":1,"column":0},"end":{"line":null,"column":-1}},"1":{"start":{"line":1,"column":39},"end":{"line":null,"column":-1}},"2":{"start":{"line":1,"column":57},"end":{"line":1,"column":51}},"3":{"start":{"line":1,"column":110},"end":{"line":1,"column":104}},"4":{"start":{"line":1,"column":277},"end":{"line":1,"column":271}},"5":{"start":{"line":1,"column":386},"end":{"line":1,"column":380}},"6":{"start":{"line":1,"column":651},"end":{"line":1,"column":645}},"7":{"start":{"line":1,"column":801},"end":{"line":1,"column":795}},"8":{"start":{"line":1,"column":1076},"end":{"line":1,"column":1070}},"9":{"start":{"line":1,"column":1241},"end":{"line":1,"column":1235}},"10":{"start":{"line":1,"column":1328},"end":{"line":1,"column":1322}},"11":{"start":{"line":1,"column":1511},"end":{"line":1,"column":1505}},"12":{"start":{"line":1,"column":1672},"end":{"line":1,"column":1666}},"13":{"start":{"line":1,"column":1851},"end":{"line":1,"column":1845}},"14":{"start":{"line":1,"column":1924},"end":{"line":1,"column":1918}},"15":{"start":{"line":1,"column":1946},"end":{"line":1,"column":1940}},"16":{"start":{"line":1,"column":2065},"end":{"line":1,"column":2059}},"17":{"start":{"line":1,"column":2077},"end":{"line":1,"column":2071}},"18":{"start":{"line":1,"column":2089},"end":{"line":1,"column":2083}},"19":{"start":{"line":1,"column":2101},"end":{"line":1,"column":2095}},"20":{"start":{"line":1,"column":2113},"end":{"line":1,"column":2107}},"21":{"start":{"line":1,"column":2125},"end":{"line":1,"column":2119}},"22":{"start":{"line":1,"column":2137},"end":{"line":1,"column":2131}},"23":{"start":{"line":1,"column":2149},"end":{"line":1,"column":2143}},"24":{"start":{"line":1,"column":2161},"end":{"line":1,"column":2155}},"25":{"start":{"line":1,"column":2173},"end":{"line":1,"column":2167}},"26":{"start":{"line":1,"column":2185},"end":{"line":1,"column":2179}},"27":{"start":{"line":1,"column":2197},"end":{"line":1,"column":2191}},"28":{"start":{"line":1,"column":2209},"end":{"line":1,"column":2203}},"29":{"start":{"line":1,"column":2224},"end":{"line":1,"column":2218}},"30":{"start":{"line":1,"column":2545},"end":{"line":1,"column":2538}},"31":{"start":{"line":1,"column":2553},"end":{"line":1,"column":2547}},"32":{"start":{"line":1,"column":2566},"end":{"line":1,"column":2559}},"33":{"start":{"line":1,"column":2572},"end":{"line":1,"column":2754}},"34":{"start":{"line":1,"column":2611},"end":{"line":1,"column":2604}},"35":{"start":{"line":1,"column":2616},"end":{"line":1,"column":2753}},"36":{"start":{"line":1,"column":2634},"end":{"line":null,"column":-1}},"37":{"start":{"line":1,"column":2647},"end":{"line":1,"column":2752}},"38":{"start":{"line":1,"column":2730},"end":{"line":null,"column":-1}},"39":{"start":{"line":1,"column":2737},"end":{"line":null,"column":-1}},"40":{"start":{"line":1,"column":2746},"end":{"line":null,"column":-1}},"41":{"start":{"line":1,"column":2760},"end":{"line":1,"column":2754}},"42":{"start":{"line":1,"column":2813},"end":{"line":1,"column":2806}},"43":{"start":{"line":1,"column":2830},"end":{"line":1,"column":2852}},"44":{"start":{"line":1,"column":2842},"end":{"line":null,"column":-1}},"45":{"start":{"line":1,"column":2859},"end":{"line":1,"column":2852}},"46":{"start":{"line":1,"column":2872},"end":{"line":null,"column":-1}},"47":{"start":{"line":1,"column":2881},"end":{"line":1,"column":3054}},"48":{"start":{"line":1,"column":2888},"end":{"line":null,"column":-1}},"49":{"start":{"line":1,"column":2903},"end":{"line":1,"column":3053}},"50":{"start":{"line":1,"column":2924},"end":{"line":null,"column":-1}},"51":{"start":{"line":1,"column":2964},"end":{"line":1,"column":3052}},"52":{"start":{"line":1,"column":2987},"end":{"line":null,"column":-1}},"53":{"start":{"line":1,"column":3028},"end":{"line":null,"column":-1}},"54":{"start":{"line":1,"column":3070},"end":{"line":1,"column":3123}},"55":{"start":{"line":1,"column":3080},"end":{"line":null,"column":-1}},"56":{"start":{"line":1,"column":3130},"end":{"line":1,"column":3123}},"57":{"start":{"line":1,"column":3154},"end":{"line":1,"column":3209}},"58":{"start":{"line":1,"column":3198},"end":{"line":null,"column":-1}},"59":{"start":{"line":1,"column":3209},"end":{"line":null,"column":-1}},"60":{"start":{"line":1,"column":3241},"end":{"line":1,"column":3234}},"61":{"start":{"line":1,"column":3400},"end":{"line":1,"column":3393}},"62":{"start":{"line":1,"column":3410},"end":{"line":1,"column":3403}},"63":{"start":{"line":1,"column":3420},"end":{"line":1,"column":3413}},"64":{"start":{"line":1,"column":3432},"end":{"line":1,"column":3796}},"65":{"start":{"line":1,"column":3482},"end":{"line":1,"column":3475}},"66":{"start":{"line":1,"column":3489},"end":{"line":1,"column":3795}},"67":{"start":{"line":1,"column":3514},"end":{"line":null,"column":-1}},"68":{"start":{"line":1,"column":3538},"end":{"line":1,"column":3531}},"69":{"start":{"line":1,"column":3552},"end":{"line":1,"column":3613}},"70":{"start":{"line":1,"column":3580},"end":{"line":null,"column":-1}},"71":{"start":{"line":1,"column":3596},"end":{"line":null,"column":-1}},"72":{"start":{"line":1,"column":3607},"end":{"line":null,"column":-1}},"73":{"start":{"line":1,"column":3613},"end":{"line":null,"column":-1}},"74":{"start":{"line":1,"column":3630},"end":{"line":1,"column":3794}},"75":{"start":{"line":1,"column":3651},"end":{"line":1,"column":3720}},"76":{"start":{"line":1,"column":3671},"end":{"line":null,"column":-1}},"77":{"start":{"line":1,"column":3720},"end":{"line":1,"column":3793}},"78":{"start":{"line":1,"column":3741},"end":{"line":null,"column":-1}},"79":{"start":{"line":1,"column":3796},"end":{"line":null,"column":-1}},"80":{"start":{"line":1,"column":3820},"end":{"line":null,"column":-1}},"81":{"start":{"line":1,"column":3864},"end":{"line":1,"column":3857}},"82":{"start":{"line":1,"column":3874},"end":{"line":1,"column":3867}},"83":{"start":{"line":1,"column":3884},"end":{"line":1,"column":3998}},"84":{"start":{"line":1,"column":3923},"end":{"line":1,"column":3916}},"85":{"start":{"line":1,"column":3930},"end":{"line":1,"column":3997}},"86":{"start":{"line":1,"column":3949},"end":{"line":null,"column":-1}},"87":{"start":{"line":1,"column":3982},"end":{"line":null,"column":-1}},"88":{"start":{"line":1,"column":4005},"end":{"line":1,"column":3998}},"89":{"start":{"line":1,"column":4011},"end":{"line":1,"column":4031}},"90":{"start":{"line":1,"column":4018},"end":{"line":null,"column":-1}},"91":{"start":{"line":1,"column":4031},"end":{"line":null,"column":-1}},"92":{"start":{"line":1,"column":4052},"end":{"line":1,"column":4182}},"93":{"start":{"line":1,"column":4091},"end":{"line":1,"column":4084}},"94":{"start":{"line":1,"column":4098},"end":{"line":null,"column":-1}},"95":{"start":{"line":1,"column":4116},"end":{"line":1,"column":4181}},"96":{"start":{"line":1,"column":4132},"end":{"line":1,"column":4163}},"97":{"start":{"line":1,"column":4150},"end":{"line":null,"column":-1}},"98":{"start":{"line":1,"column":4163},"end":{"line":null,"column":-1}},"99":{"start":{"line":1,"column":4182},"end":{"line":null,"column":-1}},"100":{"start":{"line":1,"column":4195},"end":{"line":null,"column":-1}},"101":{"start":{"line":1,"column":4236},"end":{"line":1,"column":4229}},"102":{"start":{"line":1,"column":4432},"end":{"line":1,"column":4425}},"103":{"start":{"line":1,"column":4449},"end":{"line":1,"column":4442}},"104":{"start":{"line":1,"column":4452},"end":{"line":1,"column":4595}},"105":{"start":{"line":1,"column":4489},"end":{"line":1,"column":4482}},"106":{"start":{"line":1,"column":4496},"end":{"line":1,"column":4594}},"107":{"start":{"line":1,"column":4509},"end":{"line":null,"column":-1}},"108":{"start":{"line":1,"column":4519},"end":{"line":1,"column":4593}},"109":{"start":{"line":1,"column":4550},"end":{"line":1,"column":4543}},"110":{"start":{"line":1,"column":4567},"end":{"line":1,"column":4592}},"111":{"start":{"line":1,"column":4582},"end":{"line":null,"column":-1}},"112":{"start":{"line":1,"column":4595},"end":{"line":1,"column":4656}},"113":{"start":{"line":1,"column":4627},"end":{"line":1,"column":4655}},"114":{"start":{"line":1,"column":4643},"end":{"line":null,"column":-1}},"115":{"start":{"line":1,"column":4656},"end":{"line":1,"column":4845}},"116":{"start":{"line":1,"column":4693},"end":{"line":1,"column":4686}},"117":{"start":{"line":1,"column":4700},"end":{"line":1,"column":4844}},"118":{"start":{"line":1,"column":4713},"end":{"line":null,"column":-1}},"119":{"start":{"line":1,"column":4718},"end":{"line":1,"column":4754}},"120":{"start":{"line":1,"column":4741},"end":{"line":null,"column":-1}},"121":{"start":{"line":1,"column":4760},"end":{"line":1,"column":4843}},"122":{"start":{"line":1,"column":4791},"end":{"line":1,"column":4784}},"123":{"start":{"line":1,"column":4808},"end":{"line":1,"column":4842}},"124":{"start":{"line":1,"column":4823},"end":{"line":null,"column":-1}},"125":{"start":{"line":1,"column":4845},"end":{"line":1,"column":4919}},"126":{"start":{"line":1,"column":4875},"end":{"line":1,"column":4918}},"127":{"start":{"line":1,"column":4908},"end":{"line":null,"column":-1}},"128":{"start":{"line":1,"column":4919},"end":{"line":1,"column":5178}},"129":{"start":{"line":1,"column":4940},"end":{"line":1,"column":5177}},"130":{"start":{"line":1,"column":4972},"end":{"line":1,"column":4965}},"131":{"start":{"line":1,"column":4986},"end":{"line":1,"column":4979}},"132":{"start":{"line":1,"column":4999},"end":{"line":1,"column":5176}},"133":{"start":{"line":1,"column":5026},"end":{"line":null,"column":-1}},"134":{"start":{"line":1,"column":5044},"end":{"line":1,"column":5175}},"135":{"start":{"line":1,"column":5058},"end":{"line":null,"column":-1}},"136":{"start":{"line":1,"column":5108},"end":{"line":1,"column":5101}},"137":{"start":{"line":1,"column":5125},"end":{"line":null,"column":-1}},"138":{"start":{"line":1,"column":5178},"end":{"line":null,"column":-1}},"139":{"start":{"line":1,"column":5204},"end":{"line":1,"column":5197}},"140":{"start":{"line":1,"column":5207},"end":{"line":1,"column":5327}},"141":{"start":{"line":1,"column":5246},"end":{"line":1,"column":5239}},"142":{"start":{"line":1,"column":5251},"end":{"line":1,"column":5302}},"143":{"start":{"line":1,"column":5279},"end":{"line":null,"column":-1}},"144":{"start":{"line":1,"column":5302},"end":{"line":null,"column":-1}},"145":{"start":{"line":1,"column":5327},"end":{"line":null,"column":-1}},"146":{"start":{"line":1,"column":5391},"end":{"line":1,"column":5385}},"147":{"start":{"line":1,"column":5422},"end":{"line":1,"column":5416}},"148":{"start":{"line":1,"column":5431},"end":{"line":1,"column":5425}},"149":{"start":{"line":1,"column":5439},"end":{"line":1,"column":5433}},"150":{"start":{"line":1,"column":5448},"end":{"line":1,"column":5442}},"151":{"start":{"line":1,"column":5456},"end":{"line":1,"column":5617}},"152":{"start":{"line":1,"column":5475},"end":{"line":null,"column":-1}},"153":{"start":{"line":1,"column":5508},"end":{"line":1,"column":5616}},"154":{"start":{"line":1,"column":5536},"end":{"line":null,"column":-1}},"155":{"start":{"line":1,"column":5623},"end":{"line":1,"column":5617}},"156":{"start":{"line":1,"column":5667},"end":{"line":null,"column":-1}},"157":{"start":{"line":1,"column":5694},"end":{"line":1,"column":5726}},"158":{"start":{"line":1,"column":5719},"end":{"line":null,"column":-1}},"159":{"start":{"line":1,"column":5726},"end":{"line":1,"column":5780}},"160":{"start":{"line":1,"column":5773},"end":{"line":null,"column":-1}},"161":{"start":{"line":1,"column":5787},"end":{"line":1,"column":5780}},"162":{"start":{"line":1,"column":5799},"end":{"line":1,"column":5863}},"163":{"start":{"line":1,"column":5824},"end":{"line":null,"column":-1}},"164":{"start":{"line":1,"column":5834},"end":{"line":null,"column":-1}},"165":{"start":{"line":1,"column":5846},"end":{"line":null,"column":-1}},"166":{"start":{"line":1,"column":5863},"end":{"line":null,"column":-1}},"167":{"start":{"line":1,"column":5890},"end":{"line":1,"column":5883}},"168":{"start":{"line":1,"column":5903},"end":{"line":1,"column":6039}},"169":{"start":{"line":1,"column":5917},"end":{"line":1,"column":5991}},"170":{"start":{"line":1,"column":5924},"end":{"line":null,"column":-1}},"171":{"start":{"line":1,"column":5962},"end":{"line":null,"column":-1}},"172":{"start":{"line":1,"column":5991},"end":{"line":null,"column":-1}},"173":{"start":{"line":1,"column":5999},"end":{"line":null,"column":-1}},"174":{"start":{"line":1,"column":6009},"end":{"line":null,"column":-1}},"175":{"start":{"line":1,"column":6022},"end":{"line":null,"column":-1}},"176":{"start":{"line":1,"column":6039},"end":{"line":null,"column":-1}},"177":{"start":{"line":1,"column":6046},"end":{"line":null,"column":-1}},"178":{"start":{"line":1,"column":6052},"end":{"line":null,"column":-1}},"179":{"start":{"line":1,"column":6128},"end":{"line":1,"column":6142}},"180":{"start":{"line":1,"column":6135},"end":{"line":null,"column":-1}},"181":{"start":{"line":1,"column":6148},"end":{"line":1,"column":6142}},"182":{"start":{"line":1,"column":6173},"end":{"line":null,"column":-1}},"183":{"start":{"line":1,"column":6178},"end":{"line":null,"column":-1}},"184":{"start":{"line":1,"column":6214},"end":{"line":1,"column":6208}},"185":{"start":{"line":1,"column":6239},"end":{"line":1,"column":6233}},"186":{"start":{"line":1,"column":6249},"end":{"line":1,"column":6362}},"187":{"start":{"line":1,"column":6297},"end":{"line":1,"column":6291}},"188":{"start":{"line":1,"column":6308},"end":{"line":null,"column":-1}},"189":{"start":{"line":1,"column":6362},"end":{"line":null,"column":-1}},"190":{"start":{"line":1,"column":6409},"end":{"line":1,"column":6403}},"191":{"start":{"line":1,"column":6418},"end":{"line":null,"column":-1}},"192":{"start":{"line":1,"column":6437},"end":{"line":1,"column":6430}},"193":{"start":{"line":1,"column":6456},"end":{"line":1,"column":6449}},"194":{"start":{"line":1,"column":6466},"end":{"line":1,"column":6459}},"195":{"start":{"line":1,"column":6469},"end":{"line":1,"column":6665}},"196":{"start":{"line":1,"column":6511},"end":{"line":1,"column":6505}},"197":{"start":{"line":1,"column":6525},"end":{"line":1,"column":6518}},"198":{"start":{"line":1,"column":6530},"end":{"line":1,"column":6588}},"199":{"start":{"line":1,"column":6537},"end":{"line":1,"column":6587}},"200":{"start":{"line":1,"column":6568},"end":{"line":null,"column":-1}},"201":{"start":{"line":1,"column":6595},"end":{"line":1,"column":6588}},"202":{"start":{"line":1,"column":6607},"end":{"line":1,"column":6600}},"203":{"start":{"line":1,"column":6613},"end":{"line":1,"column":6664}},"204":{"start":{"line":1,"column":6640},"end":{"line":null,"column":-1}},"205":{"start":{"line":1,"column":6652},"end":{"line":null,"column":-1}},"206":{"start":{"line":1,"column":6665},"end":{"line":null,"column":-1}},"207":{"start":{"line":1,"column":6688},"end":{"line":null,"column":-1}},"208":{"start":{"line":1,"column":6706},"end":{"line":1,"column":6700}},"209":{"start":{"line":1,"column":6721},"end":{"line":1,"column":6715}},"210":{"start":{"line":1,"column":6740},"end":{"line":1,"column":6734}},"211":{"start":{"line":1,"column":6756},"end":{"line":1,"column":6734}},"212":{"start":{"line":1,"column":6774},"end":{"line":1,"column":6767}},"213":{"start":{"line":1,"column":6787},"end":{"line":1,"column":6780}},"214":{"start":{"line":1,"column":6796},"end":{"line":1,"column":6789}},"215":{"start":{"line":1,"column":6818},"end":{"line":1,"column":6811}},"216":{"start":{"line":1,"column":6821},"end":{"line":1,"column":7492}},"217":{"start":{"line":1,"column":6866},"end":{"line":1,"column":6859}},"218":{"start":{"line":1,"column":6880},"end":{"line":1,"column":6873}},"219":{"start":{"line":1,"column":6894},"end":{"line":1,"column":6887}},"220":{"start":{"line":1,"column":6908},"end":{"line":1,"column":7216}},"221":{"start":{"line":1,"column":6933},"end":{"line":null,"column":-1}},"222":{"start":{"line":1,"column":6954},"end":{"line":1,"column":6947}},"223":{"start":{"line":1,"column":6970},"end":{"line":1,"column":7099}},"224":{"start":{"line":1,"column":6977},"end":{"line":null,"column":-1}},"225":{"start":{"line":1,"column":6996},"end":{"line":null,"column":-1}},"226":{"start":{"line":1,"column":7010},"end":{"line":1,"column":7085}},"227":{"start":{"line":1,"column":7034},"end":{"line":null,"column":-1}},"228":{"start":{"line":1,"column":7043},"end":{"line":null,"column":-1}},"229":{"start":{"line":1,"column":7062},"end":{"line":1,"column":7084}},"230":{"start":{"line":1,"column":7069},"end":{"line":null,"column":-1}},"231":{"start":{"line":1,"column":7078},"end":{"line":null,"column":-1}},"232":{"start":{"line":1,"column":7085},"end":{"line":1,"column":7098}},"233":{"start":{"line":1,"column":7093},"end":{"line":null,"column":-1}},"234":{"start":{"line":1,"column":7099},"end":{"line":null,"column":-1}},"235":{"start":{"line":1,"column":7144},"end":{"line":1,"column":7197}},"236":{"start":{"line":1,"column":7183},"end":{"line":null,"column":-1}},"237":{"start":{"line":1,"column":7192},"end":{"line":null,"column":-1}},"238":{"start":{"line":1,"column":7197},"end":{"line":1,"column":7215}},"239":{"start":{"line":1,"column":7205},"end":{"line":null,"column":-1}},"240":{"start":{"line":1,"column":7223},"end":{"line":1,"column":7216}},"241":{"start":{"line":1,"column":7226},"end":{"line":null,"column":-1}},"242":{"start":{"line":1,"column":7240},"end":{"line":1,"column":7491}},"243":{"start":{"line":1,"column":7248},"end":{"line":null,"column":-1}},"244":{"start":{"line":1,"column":7277},"end":{"line":1,"column":7270}},"245":{"start":{"line":1,"column":7290},"end":{"line":1,"column":7283}},"246":{"start":{"line":1,"column":7312},"end":{"line":1,"column":7305}},"247":{"start":{"line":1,"column":7325},"end":{"line":1,"column":7377}},"248":{"start":{"line":1,"column":7335},"end":{"line":null,"column":-1}},"249":{"start":{"line":1,"column":7361},"end":{"line":null,"column":-1}},"250":{"start":{"line":1,"column":7384},"end":{"line":1,"column":7377}},"251":{"start":{"line":1,"column":7400},"end":{"line":null,"column":-1}},"252":{"start":{"line":1,"column":7432},"end":{"line":null,"column":-1}},"253":{"start":{"line":1,"column":7458},"end":{"line":null,"column":-1}},"254":{"start":{"line":1,"column":7492},"end":{"line":null,"column":-1}},"255":{"start":{"line":1,"column":7511},"end":{"line":null,"column":-1}},"256":{"start":{"line":1,"column":7540},"end":{"line":1,"column":7534}},"257":{"start":{"line":1,"column":7545},"end":{"line":1,"column":7534}},"258":{"start":{"line":1,"column":7548},"end":{"line":1,"column":8035}},"259":{"start":{"line":1,"column":7574},"end":{"line":null,"column":-1}},"260":{"start":{"line":1,"column":7787},"end":{"line":1,"column":8034}},"261":{"start":{"line":1,"column":7810},"end":{"line":null,"column":-1}},"262":{"start":{"line":1,"column":7942},"end":{"line":null,"column":-1}},"263":{"start":{"line":1,"column":8035},"end":{"line":1,"column":8104}},"264":{"start":{"line":1,"column":8057},"end":{"line":null,"column":-1}},"265":{"start":{"line":1,"column":8110},"end":{"line":1,"column":8104}},"266":{"start":{"line":1,"column":8125},"end":{"line":1,"column":8474}},"267":{"start":{"line":1,"column":8131},"end":{"line":1,"column":8473}},"268":{"start":{"line":1,"column":8152},"end":{"line":1,"column":8346}},"269":{"start":{"line":1,"column":8160},"end":{"line":null,"column":-1}},"270":{"start":{"line":1,"column":8226},"end":{"line":null,"column":-1}},"271":{"start":{"line":1,"column":8346},"end":{"line":null,"column":-1}},"272":{"start":{"line":1,"column":8439},"end":{"line":null,"column":-1}},"273":{"start":{"line":1,"column":8474},"end":{"line":1,"column":8571}},"274":{"start":{"line":1,"column":8495},"end":{"line":null,"column":-1}},"275":{"start":{"line":1,"column":8528},"end":{"line":null,"column":-1}},"276":{"start":{"line":1,"column":8571},"end":{"line":1,"column":8746}},"277":{"start":{"line":1,"column":8598},"end":{"line":1,"column":8591}},"278":{"start":{"line":1,"column":8695},"end":{"line":null,"column":-1}},"279":{"start":{"line":1,"column":8752},"end":{"line":1,"column":8746}},"280":{"start":{"line":1,"column":8760},"end":{"line":1,"column":8780}},"281":{"start":{"line":1,"column":8766},"end":{"line":null,"column":-1}},"282":{"start":{"line":1,"column":8786},"end":{"line":1,"column":8780}},"283":{"start":{"line":1,"column":8823},"end":{"line":1,"column":8904}},"284":{"start":{"line":1,"column":8836},"end":{"line":null,"column":-1}},"285":{"start":{"line":1,"column":8904},"end":{"line":null,"column":-1}},"286":{"start":{"line":1,"column":8942},"end":{"line":null,"column":-1}},"287":{"start":{"line":1,"column":9257},"end":{"line":null,"column":-1}},"288":{"start":{"line":1,"column":9277},"end":{"line":1,"column":9271}},"289":{"start":{"line":1,"column":9395},"end":{"line":1,"column":9389}},"290":{"start":{"line":1,"column":9427},"end":{"line":1,"column":9420}},"291":{"start":{"line":1,"column":9445},"end":{"line":1,"column":9438}},"292":{"start":{"line":1,"column":9467},"end":{"line":1,"column":9622}},"293":{"start":{"line":1,"column":9486},"end":{"line":null,"column":-1}},"294":{"start":{"line":1,"column":9519},"end":{"line":1,"column":9621}},"295":{"start":{"line":1,"column":9547},"end":{"line":null,"column":-1}},"296":{"start":{"line":1,"column":9628},"end":{"line":1,"column":9622}},"297":{"start":{"line":1,"column":9663},"end":{"line":1,"column":9656}},"298":{"start":{"line":1,"column":9686},"end":{"line":1,"column":9735}},"299":{"start":{"line":1,"column":9706},"end":{"line":null,"column":-1}},"300":{"start":{"line":1,"column":9741},"end":{"line":1,"column":9735}},"301":{"start":{"line":1,"column":9762},"end":{"line":null,"column":-1}},"302":{"start":{"line":1,"column":9789},"end":{"line":1,"column":9820}},"303":{"start":{"line":1,"column":9814},"end":{"line":null,"column":-1}},"304":{"start":{"line":1,"column":9820},"end":{"line":1,"column":9959}},"305":{"start":{"line":1,"column":9843},"end":{"line":null,"column":-1}},"306":{"start":{"line":1,"column":9850},"end":{"line":1,"column":9898}},"307":{"start":{"line":1,"column":9868},"end":{"line":null,"column":-1}},"308":{"start":{"line":1,"column":9904},"end":{"line":1,"column":9958}},"309":{"start":{"line":1,"column":9951},"end":{"line":null,"column":-1}},"310":{"start":{"line":1,"column":9959},"end":{"line":null,"column":-1}},"311":{"start":{"line":1,"column":9979},"end":{"line":1,"column":10252}},"312":{"start":{"line":1,"column":9992},"end":{"line":1,"column":9985}},"313":{"start":{"line":1,"column":10012},"end":{"line":1,"column":10005}},"314":{"start":{"line":1,"column":10025},"end":{"line":1,"column":10251}},"315":{"start":{"line":1,"column":10039},"end":{"line":1,"column":10032}},"316":{"start":{"line":1,"column":10064},"end":{"line":null,"column":-1}},"317":{"start":{"line":1,"column":10087},"end":{"line":1,"column":10080}},"318":{"start":{"line":1,"column":10123},"end":{"line":1,"column":10205}},"319":{"start":{"line":1,"column":10137},"end":{"line":1,"column":10130}},"320":{"start":{"line":1,"column":10151},"end":{"line":null,"column":-1}},"321":{"start":{"line":1,"column":10205},"end":{"line":null,"column":-1}},"322":{"start":{"line":1,"column":10212},"end":{"line":1,"column":10250}},"323":{"start":{"line":1,"column":10220},"end":{"line":null,"column":-1}},"324":{"start":{"line":1,"column":10252},"end":{"line":null,"column":-1}},"325":{"start":{"line":1,"column":10275},"end":{"line":1,"column":10331}},"326":{"start":{"line":1,"column":10298},"end":{"line":null,"column":-1}},"327":{"start":{"line":1,"column":10315},"end":{"line":1,"column":10330}},"328":{"start":{"line":1,"column":10323},"end":{"line":null,"column":-1}},"329":{"start":{"line":1,"column":10357},"end":{"line":1,"column":10350}},"330":{"start":{"line":1,"column":10390},"end":{"line":1,"column":10383}},"331":{"start":{"line":1,"column":10404},"end":{"line":1,"column":10530}},"332":{"start":{"line":1,"column":10418},"end":{"line":1,"column":10411}},"333":{"start":{"line":1,"column":10434},"end":{"line":1,"column":10427}},"334":{"start":{"line":1,"column":10449},"end":{"line":null,"column":-1}},"335":{"start":{"line":1,"column":10468},"end":{"line":1,"column":10529}},"336":{"start":{"line":1,"column":10492},"end":{"line":null,"column":-1}},"337":{"start":{"line":1,"column":10510},"end":{"line":null,"column":-1}},"338":{"start":{"line":1,"column":10530},"end":{"line":null,"column":-1}},"339":{"start":{"line":1,"column":10547},"end":{"line":1,"column":10540}},"340":{"start":{"line":1,"column":10568},"end":{"line":1,"column":10623}},"341":{"start":{"line":1,"column":10617},"end":{"line":null,"column":-1}},"342":{"start":{"line":1,"column":10623},"end":{"line":null,"column":-1}},"343":{"start":{"line":1,"column":10634},"end":{"line":1,"column":10671}},"344":{"start":{"line":1,"column":10662},"end":{"line":null,"column":-1}},"345":{"start":{"line":1,"column":10671},"end":{"line":1,"column":10717}},"346":{"start":{"line":1,"column":10687},"end":{"line":null,"column":-1}},"347":{"start":{"line":1,"column":10724},"end":{"line":1,"column":10717}},"348":{"start":{"line":1,"column":10747},"end":{"line":null,"column":-1}},"349":{"start":{"line":1,"column":10777},"end":{"line":1,"column":10771}},"350":{"start":{"line":1,"column":10803},"end":{"line":1,"column":10951}},"351":{"start":{"line":1,"column":10835},"end":{"line":null,"column":-1}},"352":{"start":{"line":1,"column":10843},"end":{"line":null,"column":-1}},"353":{"start":{"line":1,"column":10871},"end":{"line":1,"column":10932}},"354":{"start":{"line":1,"column":10890},"end":{"line":null,"column":-1}},"355":{"start":{"line":1,"column":10932},"end":{"line":null,"column":-1}},"356":{"start":{"line":1,"column":10951},"end":{"line":null,"column":-1}},"357":{"start":{"line":1,"column":10991},"end":{"line":1,"column":10984}},"358":{"start":{"line":1,"column":11035},"end":{"line":1,"column":11028}},"359":{"start":{"line":1,"column":11048},"end":{"line":1,"column":11041}},"360":{"start":{"line":1,"column":11069},"end":{"line":1,"column":11062}},"361":{"start":{"line":1,"column":11085},"end":{"line":1,"column":11079}},"362":{"start":{"line":1,"column":11094},"end":{"line":1,"column":11087}},"363":{"start":{"line":1,"column":11109},"end":{"line":1,"column":11103}},"364":{"start":{"line":1,"column":11126},"end":{"line":1,"column":11119}},"365":{"start":{"line":1,"column":11134},"end":{"line":1,"column":11128}},"366":{"start":{"line":1,"column":11155},"end":{"line":1,"column":11149}},"367":{"start":{"line":1,"column":11170},"end":{"line":1,"column":11164}},"368":{"start":{"line":1,"column":11172},"end":{"line":null,"column":-1}},"369":{"start":{"line":1,"column":11190},"end":{"line":1,"column":11273}},"370":{"start":{"line":1,"column":11209},"end":{"line":1,"column":11272}},"371":{"start":{"line":1,"column":11229},"end":{"line":null,"column":-1}},"372":{"start":{"line":1,"column":11245},"end":{"line":null,"column":-1}},"373":{"start":{"line":1,"column":11266},"end":{"line":null,"column":-1}},"374":{"start":{"line":1,"column":11273},"end":{"line":null,"column":-1}},"375":{"start":{"line":1,"column":11278},"end":{"line":1,"column":11395}},"376":{"start":{"line":1,"column":11304},"end":{"line":1,"column":11297}},"377":{"start":{"line":1,"column":11317},"end":{"line":1,"column":11310}},"378":{"start":{"line":1,"column":11331},"end":{"line":1,"column":11325}},"379":{"start":{"line":1,"column":11336},"end":{"line":1,"column":11368}},"380":{"start":{"line":1,"column":11363},"end":{"line":null,"column":-1}},"381":{"start":{"line":1,"column":11368},"end":{"line":null,"column":-1}},"382":{"start":{"line":1,"column":11379},"end":{"line":null,"column":-1}},"383":{"start":{"line":1,"column":11390},"end":{"line":null,"column":-1}},"384":{"start":{"line":1,"column":11395},"end":{"line":null,"column":-1}},"385":{"start":{"line":1,"column":11416},"end":{"line":1,"column":11409}},"386":{"start":{"line":1,"column":11421},"end":{"line":1,"column":11892}},"387":{"start":{"line":1,"column":11440},"end":{"line":1,"column":11433}},"388":{"start":{"line":1,"column":11453},"end":{"line":1,"column":11447}},"389":{"start":{"line":1,"column":11473},"end":{"line":1,"column":11466}},"390":{"start":{"line":1,"column":11485},"end":{"line":1,"column":11478}},"391":{"start":{"line":1,"column":11502},"end":{"line":1,"column":11496}},"392":{"start":{"line":1,"column":11524},"end":{"line":1,"column":11517}},"393":{"start":{"line":1,"column":11539},"end":{"line":1,"column":11857}},"394":{"start":{"line":1,"column":11582},"end":{"line":1,"column":11610}},"395":{"start":{"line":1,"column":11589},"end":{"line":null,"column":-1}},"396":{"start":{"line":1,"column":11610},"end":{"line":null,"column":-1}},"397":{"start":{"line":1,"column":11632},"end":{"line":1,"column":11625}},"398":{"start":{"line":1,"column":11656},"end":{"line":1,"column":11649}},"399":{"start":{"line":1,"column":11681},"end":{"line":null,"column":-1}},"400":{"start":{"line":1,"column":11708},"end":{"line":1,"column":11701}},"401":{"start":{"line":1,"column":11722},"end":{"line":null,"column":-1}},"402":{"start":{"line":1,"column":11745},"end":{"line":null,"column":-1}},"403":{"start":{"line":1,"column":11764},"end":{"line":1,"column":11856}},"404":{"start":{"line":1,"column":11772},"end":{"line":null,"column":-1}},"405":{"start":{"line":1,"column":11821},"end":{"line":null,"column":-1}},"406":{"start":{"line":1,"column":11857},"end":{"line":null,"column":-1}},"407":{"start":{"line":1,"column":11861},"end":{"line":1,"column":11876}},"408":{"start":{"line":1,"column":11870},"end":{"line":null,"column":-1}},"409":{"start":{"line":1,"column":11876},"end":{"line":1,"column":11891}},"410":{"start":{"line":1,"column":11886},"end":{"line":null,"column":-1}},"411":{"start":{"line":1,"column":11899},"end":{"line":1,"column":11893}},"412":{"start":{"line":1,"column":11918},"end":{"line":1,"column":12069}},"413":{"start":{"line":1,"column":11952},"end":{"line":1,"column":11946}},"414":{"start":{"line":1,"column":11957},"end":{"line":1,"column":12068}},"415":{"start":{"line":1,"column":11982},"end":{"line":null,"column":-1}},"416":{"start":{"line":1,"column":11994},"end":{"line":1,"column":12067}},"417":{"start":{"line":1,"column":12013},"end":{"line":null,"column":-1}},"418":{"start":{"line":1,"column":12086},"end":{"line":1,"column":12166}},"419":{"start":{"line":1,"column":12116},"end":{"line":null,"column":-1}},"420":{"start":{"line":1,"column":12166},"end":{"line":null,"column":-1}},"421":{"start":{"line":1,"column":12178},"end":{"line":null,"column":-1}},"422":{"start":{"line":1,"column":12200},"end":{"line":null,"column":-1}},"423":{"start":{"line":1,"column":12643},"end":{"line":null,"column":-1}},"424":{"start":{"line":1,"column":13152},"end":{"line":null,"column":-1}},"425":{"start":{"line":1,"column":13189},"end":{"line":null,"column":-1}},"426":{"start":{"line":1,"column":13287},"end":{"line":null,"column":-1}},"427":{"start":{"line":1,"column":13331},"end":{"line":null,"column":-1}},"428":{"start":{"line":1,"column":13424},"end":{"line":null,"column":-1}},"429":{"start":{"line":1,"column":13472},"end":{"line":null,"column":-1}},"430":{"start":{"line":1,"column":13550},"end":{"line":null,"column":-1}},"431":{"start":{"line":1,"column":13646},"end":{"line":null,"column":-1}},"432":{"start":{"line":1,"column":13743},"end":{"line":null,"column":-1}},"433":{"start":{"line":1,"column":13828},"end":{"line":null,"column":-1}},"434":{"start":{"line":1,"column":13893},"end":{"line":null,"column":-1}},"435":{"start":{"line":1,"column":14024},"end":{"line":null,"column":-1}},"436":{"start":{"line":1,"column":14080},"end":{"line":1,"column":14074}},"437":{"start":{"line":1,"column":14096},"end":{"line":1,"column":14267}},"438":{"start":{"line":1,"column":14106},"end":{"line":1,"column":14100}},"439":{"start":{"line":1,"column":14128},"end":{"line":1,"column":14122}},"440":{"start":{"line":1,"column":14141},"end":{"line":null,"column":-1}},"441":{"start":{"line":1,"column":14156},"end":{"line":null,"column":-1}},"442":{"start":{"line":1,"column":14172},"end":{"line":null,"column":-1}},"443":{"start":{"line":1,"column":14184},"end":{"line":null,"column":-1}},"444":{"start":{"line":1,"column":14194},"end":{"line":null,"column":-1}},"445":{"start":{"line":1,"column":14208},"end":{"line":1,"column":14266}},"446":{"start":{"line":1,"column":14232},"end":{"line":null,"column":-1}},"447":{"start":{"line":1,"column":14292},"end":{"line":1,"column":14286}},"448":{"start":{"line":1,"column":14322},"end":{"line":null,"column":-1}},"449":{"start":{"line":1,"column":14336},"end":{"line":1,"column":14349}},"450":{"start":{"line":1,"column":14342},"end":{"line":null,"column":-1}},"451":{"start":{"line":1,"column":14355},"end":{"line":1,"column":14349}},"452":{"start":{"line":1,"column":14400},"end":{"line":null,"column":-1}},"453":{"start":{"line":1,"column":14405},"end":{"line":null,"column":-1}},"454":{"start":{"line":1,"column":14454},"end":{"line":null,"column":-1}},"455":{"start":{"line":1,"column":14502},"end":{"line":1,"column":14495}},"456":{"start":{"line":1,"column":14538},"end":{"line":1,"column":14532}},"457":{"start":{"line":1,"column":14541},"end":{"line":1,"column":14629}},"458":{"start":{"line":1,"column":14573},"end":{"line":1,"column":14628}},"459":{"start":{"line":1,"column":14610},"end":{"line":null,"column":-1}},"460":{"start":{"line":1,"column":14629},"end":{"line":null,"column":-1}},"461":{"start":{"line":1,"column":14643},"end":{"line":1,"column":14637}},"462":{"start":{"line":1,"column":14648},"end":{"line":1,"column":14698}},"463":{"start":{"line":1,"column":14659},"end":{"line":null,"column":-1}},"464":{"start":{"line":1,"column":14677},"end":{"line":null,"column":-1}},"465":{"start":{"line":1,"column":14704},"end":{"line":1,"column":14698}},"466":{"start":{"line":1,"column":14719},"end":{"line":1,"column":14712}},"467":{"start":{"line":1,"column":14759},"end":{"line":1,"column":14752}},"468":{"start":{"line":1,"column":14798},"end":{"line":1,"column":14790}},"469":{"start":{"line":1,"column":14854},"end":{"line":1,"column":15434}},"470":{"start":{"line":1,"column":14894},"end":{"line":1,"column":14887}},"471":{"start":{"line":1,"column":14906},"end":{"line":1,"column":14899}},"472":{"start":{"line":1,"column":14919},"end":{"line":1,"column":15433}},"473":{"start":{"line":1,"column":14959},"end":{"line":1,"column":14952}},"474":{"start":{"line":1,"column":14979},"end":{"line":1,"column":15046}},"475":{"start":{"line":1,"column":15020},"end":{"line":null,"column":-1}},"476":{"start":{"line":1,"column":15046},"end":{"line":1,"column":15062}},"477":{"start":{"line":1,"column":15053},"end":{"line":null,"column":-1}},"478":{"start":{"line":1,"column":15069},"end":{"line":1,"column":15062}},"479":{"start":{"line":1,"column":15075},"end":{"line":1,"column":15256}},"480":{"start":{"line":1,"column":15121},"end":{"line":1,"column":15255}},"481":{"start":{"line":1,"column":15241},"end":{"line":null,"column":-1}},"482":{"start":{"line":1,"column":15249},"end":{"line":null,"column":-1}},"483":{"start":{"line":1,"column":15256},"end":{"line":1,"column":15432}},"484":{"start":{"line":1,"column":15271},"end":{"line":1,"column":15264}},"485":{"start":{"line":1,"column":15317},"end":{"line":null,"column":-1}},"486":{"start":{"line":1,"column":15361},"end":{"line":1,"column":15377}},"487":{"start":{"line":1,"column":15368},"end":{"line":null,"column":-1}},"488":{"start":{"line":1,"column":15377},"end":{"line":null,"column":-1}},"489":{"start":{"line":1,"column":15427},"end":{"line":null,"column":-1}},"490":{"start":{"line":1,"column":15434},"end":{"line":1,"column":15485}},"491":{"start":{"line":1,"column":15449},"end":{"line":null,"column":-1}},"492":{"start":{"line":1,"column":15472},"end":{"line":1,"column":15484}},"493":{"start":{"line":1,"column":15479},"end":{"line":1,"column":15481}},"494":{"start":{"line":1,"column":15486},"end":{"line":1,"column":15487}},"495":{"start":{"line":1,"column":15490},"end":{"line":null,"column":-1}},"496":{"start":{"line":1,"column":15514},"end":{"line":null,"column":-1}},"497":{"start":{"line":1,"column":15535},"end":{"line":null,"column":-1}},"498":{"start":{"line":1,"column":15785},"end":{"line":null,"column":-1}},"499":{"start":{"line":1,"column":16550},"end":{"line":null,"column":-1}},"500":{"start":{"line":1,"column":17330},"end":{"line":null,"column":-1}},"501":{"start":{"line":1,"column":17476},"end":{"line":null,"column":-1}}},"fnMap":{"0":{"name":"(anonymous_0)","decl":{"start":{"line":1,"column":40},"end":{"line":1,"column":49}},"loc":{"start":{"line":1,"column":50},"end":{"line":1,"column":39}}},"1":{"name":"k","decl":{"start":{"line":1,"column":2533},"end":{"line":1,"column":2524}},"loc":{"start":{"line":1,"column":2537},"end":{"line":1,"column":5371}}},"2":{"name":"ab","decl":{"start":{"line":1,"column":2799},"end":{"line":1,"column":2790}},"loc":{"start":{"line":1,"column":2805},"end":{"line":1,"column":3055}}},"3":{"name":"T","decl":{"start":{"line":1,"column":3064},"end":{"line":1,"column":3055}},"loc":{"start":{"line":1,"column":3069},"end":{"line":1,"column":3219}}},"4":{"name":"X","decl":{"start":{"line":1,"column":3228},"end":{"line":1,"column":3219}},"loc":{"start":{"line":1,"column":3233},"end":{"line":1,"column":4214}}},"5":{"name":"(anonymous_5)","decl":{"start":{"line":1,"column":3804},"end":{"line":1,"column":3812}},"loc":{"start":{"line":1,"column":3819},"end":{"line":1,"column":3796}}},"6":{"name":"W","decl":{"start":{"line":1,"column":4223},"end":{"line":1,"column":4214}},"loc":{"start":{"line":1,"column":4228},"end":{"line":1,"column":5197}}},"7":{"name":"(anonymous_7)","decl":{"start":{"line":1,"column":5088},"end":{"line":1,"column":5096}},"loc":{"start":{"line":1,"column":5100},"end":{"line":1,"column":5065}}},"8":{"name":"a","decl":{"start":{"line":1,"column":5380},"end":{"line":1,"column":5371}},"loc":{"start":{"line":1,"column":5384},"end":{"line":1,"column":6108}}},"9":{"name":"aa","decl":{"start":{"line":1,"column":5660},"end":{"line":1,"column":5651}},"loc":{"start":{"line":1,"column":5666},"end":{"line":1,"column":6046}}},"10":{"name":"B","decl":{"start":{"line":1,"column":6117},"end":{"line":1,"column":6108}},"loc":{"start":{"line":1,"column":6127},"end":{"line":1,"column":6208}}},"11":{"name":"o","decl":{"start":{"line":1,"column":6228},"end":{"line":1,"column":6219}},"loc":{"start":{"line":1,"column":6232},"end":{"line":1,"column":6387}}},"12":{"name":"g","decl":{"start":{"line":1,"column":6396},"end":{"line":1,"column":6387}},"loc":{"start":{"line":1,"column":6402},"end":{"line":1,"column":7520}}},"13":{"name":"(anonymous_13)","decl":{"start":{"line":1,"column":6419},"end":{"line":1,"column":6428}},"loc":{"start":{"line":1,"column":6429},"end":{"line":1,"column":6418}}},"14":{"name":"W","decl":{"start":{"line":1,"column":6719},"end":{"line":1,"column":6721}},"loc":{"start":{"line":1,"column":6733},"end":{"line":1,"column":6715}}},"15":{"name":"i","decl":{"start":{"line":1,"column":7529},"end":{"line":1,"column":7520}},"loc":{"start":{"line":1,"column":7533},"end":{"line":1,"column":9271}}},"16":{"name":"Q","decl":{"start":{"line":1,"column":9381},"end":{"line":1,"column":9372}},"loc":{"start":{"line":1,"column":9388},"end":{"line":1,"column":10969}}},"17":{"name":"ae","decl":{"start":{"line":1,"column":9755},"end":{"line":1,"column":9746}},"loc":{"start":{"line":1,"column":9761},"end":{"line":1,"column":10259}}},"18":{"name":"ad","decl":{"start":{"line":1,"column":10268},"end":{"line":1,"column":10259}},"loc":{"start":{"line":1,"column":10274},"end":{"line":1,"column":10634}}},"19":{"name":"ai","decl":{"start":{"line":1,"column":10340},"end":{"line":1,"column":10331}},"loc":{"start":{"line":1,"column":10349},"end":{"line":1,"column":10540}}},"20":{"name":"D","decl":{"start":{"line":1,"column":10978},"end":{"line":1,"column":10969}},"loc":{"start":{"line":1,"column":10983},"end":{"line":1,"column":11893}}},"21":{"name":"c","decl":{"start":{"line":1,"column":11911},"end":{"line":1,"column":11902}},"loc":{"start":{"line":1,"column":11917},"end":{"line":1,"column":12070}}},"22":{"name":"q","decl":{"start":{"line":1,"column":12079},"end":{"line":1,"column":12070}},"loc":{"start":{"line":1,"column":12085},"end":{"line":1,"column":12178}}},"23":{"name":"d","decl":{"start":{"line":1,"column":14069},"end":{"line":1,"column":14060}},"loc":{"start":{"line":1,"column":14073},"end":{"line":1,"column":14268}}},"24":{"name":"y","decl":{"start":{"line":1,"column":14277},"end":{"line":1,"column":14268}},"loc":{"start":{"line":1,"column":14285},"end":{"line":1,"column":14424}}},"25":{"name":"b","decl":{"start":{"line":1,"column":14433},"end":{"line":1,"column":14424}},"loc":{"start":{"line":1,"column":14438},"end":{"line":1,"column":15490}}},"26":{"name":"Y","decl":{"start":{"line":1,"column":14448},"end":{"line":1,"column":14439}},"loc":{"start":{"line":1,"column":14453},"end":{"line":1,"column":14495}}},"27":{"name":"now","decl":{"start":{"line":1,"column":14666},"end":{"line":1,"column":14675}},"loc":{"start":{"line":1,"column":14676},"end":{"line":1,"column":14696}}},"28":{"name":"U","decl":{"start":{"line":1,"column":14786},"end":{"line":1,"column":14777}},"loc":{"start":{"line":1,"column":14789},"end":{"line":1,"column":15486}}}},"branchMap":{"0":{"loc":{"start":{"line":1,"column":2616},"end":{"line":1,"column":2753}},"type":"if","locations":[{"start":{"line":1,"column":2616},"end":{"line":1,"column":2753}},{"start":{"line":1,"column":2616},"end":{"line":1,"column":2753}}]},"1":{"loc":{"start":{"line":1,"column":2647},"end":{"line":1,"column":2752}},"type":"if","locations":[{"start":{"line":1,"column":2647},"end":{"line":1,"column":2752}},{"start":{"line":1,"column":2647},"end":{"line":1,"column":2752}}]},"2":{"loc":{"start":{"line":1,"column":2830},"end":{"line":1,"column":2852}},"type":"if","locations":[{"start":{"line":1,"column":2830},"end":{"line":1,"column":2852}},{"start":{"line":1,"column":2830},"end":{"line":1,"column":2852}}]},"3":{"loc":{"start":{"line":1,"column":2881},"end":{"line":1,"column":3054}},"type":"if","locations":[{"start":{"line":1,"column":2881},"end":{"line":1,"column":3054}},{"start":{"line":1,"column":2881},"end":{"line":1,"column":3054}}]},"4":{"loc":{"start":{"line":1,"column":2903},"end":{"line":1,"column":3053}},"type":"if","locations":[{"start":{"line":1,"column":2903},"end":{"line":1,"column":3053}},{"start":{"line":1,"column":2903},"end":{"line":1,"column":3053}}]},"5":{"loc":{"start":{"line":1,"column":2906},"end":{"line":1,"column":2905}},"type":"binary-expr","locations":[{"start":{"line":1,"column":2906},"end":{"line":1,"column":2905}},{"start":{"line":1,"column":2915},"end":{"line":1,"column":2903}}]},"6":{"loc":{"start":{"line":1,"column":2964},"end":{"line":1,"column":3052}},"type":"if","locations":[{"start":{"line":1,"column":2964},"end":{"line":1,"column":3052}},{"start":{"line":1,"column":2964},"end":{"line":1,"column":3052}}]},"7":{"loc":{"start":{"line":1,"column":2967},"end":{"line":1,"column":2966}},"type":"binary-expr","locations":[{"start":{"line":1,"column":2967},"end":{"line":1,"column":2966}},{"start":{"line":1,"column":2977},"end":{"line":1,"column":2964}}]},"8":{"loc":{"start":{"line":1,"column":3070},"end":{"line":1,"column":3123}},"type":"if","locations":[{"start":{"line":1,"column":3070},"end":{"line":1,"column":3123}},{"start":{"line":1,"column":3070},"end":{"line":1,"column":3123}}]},"9":{"loc":{"start":{"line":1,"column":3093},"end":{"line":1,"column":3087}},"type":"cond-expr","locations":[{"start":{"line":1,"column":3093},"end":{"line":1,"column":3087}},{"start":{"line":1,"column":3100},"end":{"line":1,"column":3086}}]},"10":{"loc":{"start":{"line":1,"column":3154},"end":{"line":1,"column":3209}},"type":"if","locations":[{"start":{"line":1,"column":3154},"end":{"line":1,"column":3209}},{"start":{"line":1,"column":3154},"end":{"line":1,"column":3209}}]},"11":{"loc":{"start":{"line":1,"column":3157},"end":{"line":1,"column":3156}},"type":"binary-expr","locations":[{"start":{"line":1,"column":3157},"end":{"line":1,"column":3156}},{"start":{"line":1,"column":3168},"end":{"line":1,"column":3157}},{"start":{"line":1,"column":3178},"end":{"line":1,"column":3157}},{"start":{"line":1,"column":3188},"end":{"line":1,"column":3154}}]},"12":{"loc":{"start":{"line":1,"column":3489},"end":{"line":1,"column":3795}},"type":"if","locations":[{"start":{"line":1,"column":3489},"end":{"line":1,"column":3795}},{"start":{"line":1,"column":3489},"end":{"line":1,"column":3795}}]},"13":{"loc":{"start":{"line":1,"column":3552},"end":{"line":1,"column":3613}},"type":"if","locations":[{"start":{"line":1,"column":3552},"end":{"line":1,"column":3613}},{"start":{"line":1,"column":3552},"end":{"line":1,"column":3613}}]},"14":{"loc":{"start":{"line":1,"column":3555},"end":{"line":1,"column":3554}},"type":"binary-expr","locations":[{"start":{"line":1,"column":3555},"end":{"line":1,"column":3554}},{"start":{"line":1,"column":3564},"end":{"line":1,"column":3552}}]},"15":{"loc":{"start":{"line":1,"column":3630},"end":{"line":1,"column":3794}},"type":"if","locations":[{"start":{"line":1,"column":3630},"end":{"line":1,"column":3794}},{"start":{"line":1,"column":3630},"end":{"line":1,"column":3794}}]},"16":{"loc":{"start":{"line":1,"column":3635},"end":{"line":1,"column":3634}},"type":"binary-expr","locations":[{"start":{"line":1,"column":3635},"end":{"line":1,"column":3634}},{"start":{"line":1,"column":3642},"end":{"line":1,"column":3633}}]},"17":{"loc":{"start":{"line":1,"column":3651},"end":{"line":1,"column":3720}},"type":"if","locations":[{"start":{"line":1,"column":3651},"end":{"line":1,"column":3720}},{"start":{"line":1,"column":3651},"end":{"line":1,"column":3720}}]},"18":{"loc":{"start":{"line":1,"column":3656},"end":{"line":1,"column":3655}},"type":"binary-expr","locations":[{"start":{"line":1,"column":3656},"end":{"line":1,"column":3655}},{"start":{"line":1,"column":3663},"end":{"line":1,"column":3654}}]},"19":{"loc":{"start":{"line":1,"column":3720},"end":{"line":1,"column":3793}},"type":"if","locations":[{"start":{"line":1,"column":3720},"end":{"line":1,"column":3793}},{"start":{"line":1,"column":3720},"end":{"line":1,"column":3793}}]},"20":{"loc":{"start":{"line":1,"column":3725},"end":{"line":1,"column":3724}},"type":"binary-expr","locations":[{"start":{"line":1,"column":3725},"end":{"line":1,"column":3724}},{"start":{"line":1,"column":3732},"end":{"line":1,"column":3723}}]},"21":{"loc":{"start":{"line":1,"column":3827},"end":{"line":1,"column":3826}},"type":"binary-expr","locations":[{"start":{"line":1,"column":3827},"end":{"line":1,"column":3826}},{"start":{"line":1,"column":3842},"end":{"line":1,"column":3820}}]},"22":{"loc":{"start":{"line":1,"column":3930},"end":{"line":1,"column":3997}},"type":"if","locations":[{"start":{"line":1,"column":3930},"end":{"line":1,"column":3997}},{"start":{"line":1,"column":3930},"end":{"line":1,"column":3997}}]},"23":{"loc":{"start":{"line":1,"column":4011},"end":{"line":1,"column":4031}},"type":"if","locations":[{"start":{"line":1,"column":4011},"end":{"line":1,"column":4031}},{"start":{"line":1,"column":4011},"end":{"line":1,"column":4031}}]},"24":{"loc":{"start":{"line":1,"column":4116},"end":{"line":1,"column":4181}},"type":"if","locations":[{"start":{"line":1,"column":4116},"end":{"line":1,"column":4181}},{"start":{"line":1,"column":4116},"end":{"line":1,"column":4181}}]},"25":{"loc":{"start":{"line":1,"column":4132},"end":{"line":1,"column":4163}},"type":"if","locations":[{"start":{"line":1,"column":4132},"end":{"line":1,"column":4163}},{"start":{"line":1,"column":4132},"end":{"line":1,"column":4163}}]},"26":{"loc":{"start":{"line":1,"column":4496},"end":{"line":1,"column":4594}},"type":"if","locations":[{"start":{"line":1,"column":4496},"end":{"line":1,"column":4594}},{"start":{"line":1,"column":4496},"end":{"line":1,"column":4594}}]},"27":{"loc":{"start":{"line":1,"column":4519},"end":{"line":1,"column":4593}},"type":"if","locations":[{"start":{"line":1,"column":4519},"end":{"line":1,"column":4593}},{"start":{"line":1,"column":4519},"end":{"line":1,"column":4593}}]},"28":{"loc":{"start":{"line":1,"column":4567},"end":{"line":1,"column":4592}},"type":"if","locations":[{"start":{"line":1,"column":4567},"end":{"line":1,"column":4592}},{"start":{"line":1,"column":4567},"end":{"line":1,"column":4592}}]},"29":{"loc":{"start":{"line":1,"column":4570},"end":{"line":1,"column":4572}},"type":"binary-expr","locations":[{"start":{"line":1,"column":4570},"end":{"line":1,"column":4572}},{"start":{"line":1,"column":4574},"end":{"line":1,"column":4567}}]},"30":{"loc":{"start":{"line":1,"column":4627},"end":{"line":1,"column":4655}},"type":"if","locations":[{"start":{"line":1,"column":4627},"end":{"line":1,"column":4655}},{"start":{"line":1,"column":4627},"end":{"line":1,"column":4655}}]},"31":{"loc":{"start":{"line":1,"column":4700},"end":{"line":1,"column":4844}},"type":"if","locations":[{"start":{"line":1,"column":4700},"end":{"line":1,"column":4844}},{"start":{"line":1,"column":4700},"end":{"line":1,"column":4844}}]},"32":{"loc":{"start":{"line":1,"column":4718},"end":{"line":1,"column":4754}},"type":"if","locations":[{"start":{"line":1,"column":4718},"end":{"line":1,"column":4754}},{"start":{"line":1,"column":4718},"end":{"line":1,"column":4754}}]},"33":{"loc":{"start":{"line":1,"column":4760},"end":{"line":1,"column":4843}},"type":"if","locations":[{"start":{"line":1,"column":4760},"end":{"line":1,"column":4843}},{"start":{"line":1,"column":4760},"end":{"line":1,"column":4843}}]},"34":{"loc":{"start":{"line":1,"column":4808},"end":{"line":1,"column":4842}},"type":"if","locations":[{"start":{"line":1,"column":4808},"end":{"line":1,"column":4842}},{"start":{"line":1,"column":4808},"end":{"line":1,"column":4842}}]},"35":{"loc":{"start":{"line":1,"column":4811},"end":{"line":1,"column":4813}},"type":"binary-expr","locations":[{"start":{"line":1,"column":4811},"end":{"line":1,"column":4813}},{"start":{"line":1,"column":4815},"end":{"line":1,"column":4808}}]},"36":{"loc":{"start":{"line":1,"column":4875},"end":{"line":1,"column":4918}},"type":"if","locations":[{"start":{"line":1,"column":4875},"end":{"line":1,"column":4918}},{"start":{"line":1,"column":4875},"end":{"line":1,"column":4918}}]},"37":{"loc":{"start":{"line":1,"column":4878},"end":{"line":1,"column":4877}},"type":"binary-expr","locations":[{"start":{"line":1,"column":4878},"end":{"line":1,"column":4877}},{"start":{"line":1,"column":4892},"end":{"line":1,"column":4875}}]},"38":{"loc":{"start":{"line":1,"column":4919},"end":{"line":1,"column":5178}},"type":"if","locations":[{"start":{"line":1,"column":4919},"end":{"line":1,"column":5178}},{"start":{"line":1,"column":4919},"end":{"line":1,"column":5178}}]},"39":{"loc":{"start":{"line":1,"column":4922},"end":{"line":1,"column":4921}},"type":"binary-expr","locations":[{"start":{"line":1,"column":4922},"end":{"line":1,"column":4921}},{"start":{"line":1,"column":4937},"end":{"line":1,"column":4919}}]},"40":{"loc":{"start":{"line":1,"column":4999},"end":{"line":1,"column":5176}},"type":"if","locations":[{"start":{"line":1,"column":4999},"end":{"line":1,"column":5176}},{"start":{"line":1,"column":4999},"end":{"line":1,"column":5176}}]},"41":{"loc":{"start":{"line":1,"column":5002},"end":{"line":1,"column":5001}},"type":"binary-expr","locations":[{"start":{"line":1,"column":5002},"end":{"line":1,"column":5001}},{"start":{"line":1,"column":5016},"end":{"line":1,"column":4999}}]},"42":{"loc":{"start":{"line":1,"column":5044},"end":{"line":1,"column":5175}},"type":"if","locations":[{"start":{"line":1,"column":5044},"end":{"line":1,"column":5175}},{"start":{"line":1,"column":5044},"end":{"line":1,"column":5175}}]},"43":{"loc":{"start":{"line":1,"column":5251},"end":{"line":1,"column":5302}},"type":"if","locations":[{"start":{"line":1,"column":5251},"end":{"line":1,"column":5302}},{"start":{"line":1,"column":5251},"end":{"line":1,"column":5302}}]},"44":{"loc":{"start":{"line":1,"column":5254},"end":{"line":1,"column":5253}},"type":"binary-expr","locations":[{"start":{"line":1,"column":5254},"end":{"line":1,"column":5253}},{"start":{"line":1,"column":5265},"end":{"line":1,"column":5251}}]},"45":{"loc":{"start":{"line":1,"column":5361},"end":{"line":1,"column":5360}},"type":"cond-expr","locations":[{"start":{"line":1,"column":5361},"end":{"line":1,"column":5360}},{"start":{"line":1,"column":5366},"end":{"line":1,"column":5334}}]},"46":{"loc":{"start":{"line":1,"column":5456},"end":{"line":1,"column":5617}},"type":"if","locations":[{"start":{"line":1,"column":5456},"end":{"line":1,"column":5617}},{"start":{"line":1,"column":5456},"end":{"line":1,"column":5617}}]},"47":{"loc":{"start":{"line":1,"column":5508},"end":{"line":1,"column":5616}},"type":"if","locations":[{"start":{"line":1,"column":5508},"end":{"line":1,"column":5616}},{"start":{"line":1,"column":5508},"end":{"line":1,"column":5616}}]},"48":{"loc":{"start":{"line":1,"column":5623},"end":{"line":1,"column":5624}},"type":"binary-expr","locations":[{"start":{"line":1,"column":5623},"end":{"line":1,"column":5624}},{"start":{"line":1,"column":5626},"end":{"line":1,"column":5617}}]},"49":{"loc":{"start":{"line":1,"column":5687},"end":{"line":1,"column":5863}},"type":"switch","locations":[{"start":{"line":1,"column":5687},"end":{"line":1,"column":5863}},{"start":{"line":1,"column":5869},"end":{"line":null,"column":-1}},{"start":{"line":1,"column":5876},"end":{"line":1,"column":6039}}]},"50":{"loc":{"start":{"line":1,"column":5694},"end":{"line":1,"column":5726}},"type":"if","locations":[{"start":{"line":1,"column":5694},"end":{"line":1,"column":5726}},{"start":{"line":1,"column":5694},"end":{"line":1,"column":5726}}]},"51":{"loc":{"start":{"line":1,"column":5799},"end":{"line":1,"column":5863}},"type":"if","locations":[{"start":{"line":1,"column":5799},"end":{"line":1,"column":5863}},{"start":{"line":1,"column":5799},"end":{"line":1,"column":5863}}]},"52":{"loc":{"start":{"line":1,"column":5802},"end":{"line":1,"column":5801}},"type":"binary-expr","locations":[{"start":{"line":1,"column":5802},"end":{"line":1,"column":5801}},{"start":{"line":1,"column":5813},"end":{"line":1,"column":5799}}]},"53":{"loc":{"start":{"line":1,"column":5903},"end":{"line":1,"column":6039}},"type":"if","locations":[{"start":{"line":1,"column":5903},"end":{"line":1,"column":6039}},{"start":{"line":1,"column":5903},"end":{"line":1,"column":6039}}]},"54":{"loc":{"start":{"line":1,"column":5917},"end":{"line":1,"column":5991}},"type":"if","locations":[{"start":{"line":1,"column":5917},"end":{"line":1,"column":5991}},{"start":{"line":1,"column":5917},"end":{"line":1,"column":5991}}]},"55":{"loc":{"start":{"line":1,"column":6128},"end":{"line":1,"column":6142}},"type":"if","locations":[{"start":{"line":1,"column":6128},"end":{"line":1,"column":6142}},{"start":{"line":1,"column":6128},"end":{"line":1,"column":6142}}]},"56":{"loc":{"start":{"line":1,"column":6319},"end":{"line":1,"column":6310}},"type":"cond-expr","locations":[{"start":{"line":1,"column":6319},"end":{"line":1,"column":6310}},{"start":{"line":1,"column":6327},"end":{"line":1,"column":6308}}]},"57":{"loc":{"start":{"line":1,"column":6321},"end":{"line":1,"column":6320}},"type":"cond-expr","locations":[{"start":{"line":1,"column":6321},"end":{"line":1,"column":6320}},{"start":{"line":1,"column":6323},"end":{"line":1,"column":6310}}]},"58":{"loc":{"start":{"line":1,"column":6335},"end":{"line":1,"column":6326}},"type":"cond-expr","locations":[{"start":{"line":1,"column":6335},"end":{"line":1,"column":6326}},{"start":{"line":1,"column":6360},"end":{"line":1,"column":6308}}]},"59":{"loc":{"start":{"line":1,"column":6355},"end":{"line":1,"column":6335}},"type":"cond-expr","locations":[{"start":{"line":1,"column":6355},"end":{"line":1,"column":6335}},{"start":{"line":1,"column":6357},"end":{"line":1,"column":6326}}]},"60":{"loc":{"start":{"line":1,"column":6375},"end":{"line":1,"column":6369}},"type":"cond-expr","locations":[{"start":{"line":1,"column":6375},"end":{"line":1,"column":6369}},{"start":{"line":1,"column":6385},"end":{"line":1,"column":6362}}]},"61":{"loc":{"start":{"line":1,"column":6530},"end":{"line":1,"column":6588}},"type":"if","locations":[{"start":{"line":1,"column":6530},"end":{"line":1,"column":6588}},{"start":{"line":1,"column":6530},"end":{"line":1,"column":6588}}]},"62":{"loc":{"start":{"line":1,"column":6613},"end":{"line":1,"column":6664}},"type":"if","locations":[{"start":{"line":1,"column":6613},"end":{"line":1,"column":6664}},{"start":{"line":1,"column":6613},"end":{"line":1,"column":6664}}]},"63":{"loc":{"start":{"line":1,"column":6796},"end":{"line":1,"column":6807}},"type":"binary-expr","locations":[{"start":{"line":1,"column":6796},"end":{"line":1,"column":6807}},{"start":{"line":1,"column":6808},"end":{"line":1,"column":6789}}]},"64":{"loc":{"start":{"line":1,"column":6908},"end":{"line":1,"column":7216}},"type":"if","locations":[{"start":{"line":1,"column":6908},"end":{"line":1,"column":7216}},{"start":{"line":1,"column":6908},"end":{"line":1,"column":7216}}]},"65":{"loc":{"start":{"line":1,"column":6970},"end":{"line":1,"column":7099}},"type":"if","locations":[{"start":{"line":1,"column":6970},"end":{"line":1,"column":7099}},{"start":{"line":1,"column":6970},"end":{"line":1,"column":7099}}]},"66":{"loc":{"start":{"line":1,"column":7062},"end":{"line":1,"column":7084}},"type":"if","locations":[{"start":{"line":1,"column":7062},"end":{"line":1,"column":7084}},{"start":{"line":1,"column":7062},"end":{"line":1,"column":7084}}]},"67":{"loc":{"start":{"line":1,"column":7085},"end":{"line":1,"column":7098}},"type":"if","locations":[{"start":{"line":1,"column":7085},"end":{"line":1,"column":7098}},{"start":{"line":1,"column":7085},"end":{"line":1,"column":7098}}]},"68":{"loc":{"start":{"line":1,"column":7102},"end":{"line":1,"column":7101}},"type":"binary-expr","locations":[{"start":{"line":1,"column":7102},"end":{"line":1,"column":7101}},{"start":{"line":1,"column":7116},"end":{"line":1,"column":7099}}]},"69":{"loc":{"start":{"line":1,"column":7144},"end":{"line":1,"column":7197}},"type":"if","locations":[{"start":{"line":1,"column":7144},"end":{"line":1,"column":7197}},{"start":{"line":1,"column":7144},"end":{"line":1,"column":7197}}]},"70":{"loc":{"start":{"line":1,"column":7147},"end":{"line":1,"column":7149}},"type":"binary-expr","locations":[{"start":{"line":1,"column":7147},"end":{"line":1,"column":7149}},{"start":{"line":1,"column":7151},"end":{"line":1,"column":7144}}]},"71":{"loc":{"start":{"line":1,"column":7153},"end":{"line":1,"column":7155}},"type":"binary-expr","locations":[{"start":{"line":1,"column":7153},"end":{"line":1,"column":7155}},{"start":{"line":1,"column":7157},"end":{"line":1,"column":7151}}]},"72":{"loc":{"start":{"line":1,"column":7197},"end":{"line":1,"column":7215}},"type":"if","locations":[{"start":{"line":1,"column":7197},"end":{"line":1,"column":7215}},{"start":{"line":1,"column":7197},"end":{"line":1,"column":7215}}]},"73":{"loc":{"start":{"line":1,"column":7240},"end":{"line":1,"column":7491}},"type":"if","locations":[{"start":{"line":1,"column":7240},"end":{"line":1,"column":7491}},{"start":{"line":1,"column":7240},"end":{"line":1,"column":7491}}]},"74":{"loc":{"start":{"line":1,"column":7325},"end":{"line":1,"column":7377}},"type":"if","locations":[{"start":{"line":1,"column":7325},"end":{"line":1,"column":7377}},{"start":{"line":1,"column":7325},"end":{"line":1,"column":7377}}]},"75":{"loc":{"start":{"line":1,"column":7548},"end":{"line":1,"column":8035}},"type":"if","locations":[{"start":{"line":1,"column":7548},"end":{"line":1,"column":8035}},{"start":{"line":1,"column":7548},"end":{"line":1,"column":8035}}]},"76":{"loc":{"start":{"line":1,"column":7787},"end":{"line":1,"column":8034}},"type":"if","locations":[{"start":{"line":1,"column":7787},"end":{"line":1,"column":8034}},{"start":{"line":1,"column":7787},"end":{"line":1,"column":8034}}]},"77":{"loc":{"start":{"line":1,"column":8035},"end":{"line":1,"column":8104}},"type":"if","locations":[{"start":{"line":1,"column":8035},"end":{"line":1,"column":8104}},{"start":{"line":1,"column":8035},"end":{"line":1,"column":8104}}]},"78":{"loc":{"start":{"line":1,"column":8125},"end":{"line":1,"column":8474}},"type":"if","locations":[{"start":{"line":1,"column":8125},"end":{"line":1,"column":8474}},{"start":{"line":1,"column":8125},"end":{"line":1,"column":8474}}]},"79":{"loc":{"start":{"line":1,"column":8131},"end":{"line":1,"column":8473}},"type":"if","locations":[{"start":{"line":1,"column":8131},"end":{"line":1,"column":8473}},{"start":{"line":1,"column":8131},"end":{"line":1,"column":8473}}]},"80":{"loc":{"start":{"line":1,"column":8152},"end":{"line":1,"column":8346}},"type":"if","locations":[{"start":{"line":1,"column":8152},"end":{"line":1,"column":8346}},{"start":{"line":1,"column":8152},"end":{"line":1,"column":8346}}]},"81":{"loc":{"start":{"line":1,"column":8474},"end":{"line":1,"column":8571}},"type":"if","locations":[{"start":{"line":1,"column":8474},"end":{"line":1,"column":8571}},{"start":{"line":1,"column":8474},"end":{"line":1,"column":8571}}]},"82":{"loc":{"start":{"line":1,"column":8571},"end":{"line":1,"column":8746}},"type":"if","locations":[{"start":{"line":1,"column":8571},"end":{"line":1,"column":8746}},{"start":{"line":1,"column":8571},"end":{"line":1,"column":8746}}]},"83":{"loc":{"start":{"line":1,"column":8760},"end":{"line":1,"column":8780}},"type":"if","locations":[{"start":{"line":1,"column":8760},"end":{"line":1,"column":8780}},{"start":{"line":1,"column":8760},"end":{"line":1,"column":8780}}]},"84":{"loc":{"start":{"line":1,"column":8823},"end":{"line":1,"column":8904}},"type":"if","locations":[{"start":{"line":1,"column":8823},"end":{"line":1,"column":8904}},{"start":{"line":1,"column":8823},"end":{"line":1,"column":8904}}]},"85":{"loc":{"start":{"line":1,"column":9467},"end":{"line":1,"column":9622}},"type":"if","locations":[{"start":{"line":1,"column":9467},"end":{"line":1,"column":9622}},{"start":{"line":1,"column":9467},"end":{"line":1,"column":9622}}]},"86":{"loc":{"start":{"line":1,"column":9519},"end":{"line":1,"column":9621}},"type":"if","locations":[{"start":{"line":1,"column":9519},"end":{"line":1,"column":9621}},{"start":{"line":1,"column":9519},"end":{"line":1,"column":9621}}]},"87":{"loc":{"start":{"line":1,"column":9628},"end":{"line":1,"column":9629}},"type":"binary-expr","locations":[{"start":{"line":1,"column":9628},"end":{"line":1,"column":9629}},{"start":{"line":1,"column":9631},"end":{"line":1,"column":9622}}]},"88":{"loc":{"start":{"line":1,"column":9782},"end":{"line":1,"column":9959}},"type":"switch","locations":[{"start":{"line":1,"column":9782},"end":{"line":1,"column":9959}},{"start":{"line":1,"column":9965},"end":{"line":null,"column":-1}},{"start":{"line":1,"column":9972},"end":{"line":1,"column":10252}}]},"89":{"loc":{"start":{"line":1,"column":9789},"end":{"line":1,"column":9820}},"type":"if","locations":[{"start":{"line":1,"column":9789},"end":{"line":1,"column":9820}},{"start":{"line":1,"column":9789},"end":{"line":1,"column":9820}}]},"90":{"loc":{"start":{"line":1,"column":9820},"end":{"line":1,"column":9959}},"type":"if","locations":[{"start":{"line":1,"column":9820},"end":{"line":1,"column":9959}},{"start":{"line":1,"column":9820},"end":{"line":1,"column":9959}}]},"91":{"loc":{"start":{"line":1,"column":9850},"end":{"line":1,"column":9898}},"type":"if","locations":[{"start":{"line":1,"column":9850},"end":{"line":1,"column":9898}},{"start":{"line":1,"column":9850},"end":{"line":1,"column":9898}}]},"92":{"loc":{"start":{"line":1,"column":9979},"end":{"line":1,"column":10252}},"type":"if","locations":[{"start":{"line":1,"column":9979},"end":{"line":1,"column":10252}},{"start":{"line":1,"column":9979},"end":{"line":1,"column":10252}}]},"93":{"loc":{"start":{"line":1,"column":10025},"end":{"line":1,"column":10251}},"type":"if","locations":[{"start":{"line":1,"column":10025},"end":{"line":1,"column":10251}},{"start":{"line":1,"column":10025},"end":{"line":1,"column":10251}}]},"94":{"loc":{"start":{"line":1,"column":10123},"end":{"line":1,"column":10205}},"type":"if","locations":[{"start":{"line":1,"column":10123},"end":{"line":1,"column":10205}},{"start":{"line":1,"column":10123},"end":{"line":1,"column":10205}}]},"95":{"loc":{"start":{"line":1,"column":10212},"end":{"line":1,"column":10250}},"type":"if","locations":[{"start":{"line":1,"column":10212},"end":{"line":1,"column":10250}},{"start":{"line":1,"column":10212},"end":{"line":1,"column":10250}}]},"96":{"loc":{"start":{"line":1,"column":10315},"end":{"line":1,"column":10330}},"type":"if","locations":[{"start":{"line":1,"column":10315},"end":{"line":1,"column":10330}},{"start":{"line":1,"column":10315},"end":{"line":1,"column":10330}}]},"97":{"loc":{"start":{"line":1,"column":10360},"end":{"line":1,"column":10359}},"type":"cond-expr","locations":[{"start":{"line":1,"column":10360},"end":{"line":1,"column":10359}},{"start":{"line":1,"column":10380},"end":{"line":1,"column":10350}}]},"98":{"loc":{"start":{"line":1,"column":10404},"end":{"line":1,"column":10530}},"type":"if","locations":[{"start":{"line":1,"column":10404},"end":{"line":1,"column":10530}},{"start":{"line":1,"column":10404},"end":{"line":1,"column":10530}}]},"99":{"loc":{"start":{"line":1,"column":10580},"end":{"line":1,"column":10579}},"type":"binary-expr","locations":[{"start":{"line":1,"column":10580},"end":{"line":1,"column":10579}},{"start":{"line":1,"column":10599},"end":{"line":1,"column":10568}}]},"100":{"loc":{"start":{"line":1,"column":10671},"end":{"line":1,"column":10717}},"type":"if","locations":[{"start":{"line":1,"column":10671},"end":{"line":1,"column":10717}},{"start":{"line":1,"column":10671},"end":{"line":1,"column":10717}}]},"101":{"loc":{"start":{"line":1,"column":10777},"end":{"line":1,"column":10800}},"type":"binary-expr","locations":[{"start":{"line":1,"column":10777},"end":{"line":1,"column":10800}},{"start":{"line":1,"column":10801},"end":{"line":1,"column":10771}}]},"102":{"loc":{"start":{"line":1,"column":10871},"end":{"line":1,"column":10932}},"type":"if","locations":[{"start":{"line":1,"column":10871},"end":{"line":1,"column":10932}},{"start":{"line":1,"column":10871},"end":{"line":1,"column":10932}}]},"103":{"loc":{"start":{"line":1,"column":11209},"end":{"line":1,"column":11272}},"type":"if","locations":[{"start":{"line":1,"column":11209},"end":{"line":1,"column":11272}},{"start":{"line":1,"column":11209},"end":{"line":1,"column":11272}}]},"104":{"loc":{"start":{"line":1,"column":11342},"end":{"line":1,"column":11341}},"type":"binary-expr","locations":[{"start":{"line":1,"column":11342},"end":{"line":1,"column":11341}},{"start":{"line":1,"column":11350},"end":{"line":1,"column":11336}}]},"105":{"loc":{"start":{"line":1,"column":11453},"end":{"line":1,"column":11452}},"type":"binary-expr","locations":[{"start":{"line":1,"column":11453},"end":{"line":1,"column":11452}},{"start":{"line":1,"column":11463},"end":{"line":1,"column":11447}}]},"106":{"loc":{"start":{"line":1,"column":11485},"end":{"line":1,"column":11484}},"type":"binary-expr","locations":[{"start":{"line":1,"column":11485},"end":{"line":1,"column":11484}},{"start":{"line":1,"column":11493},"end":{"line":1,"column":11478}}]},"107":{"loc":{"start":{"line":1,"column":11539},"end":{"line":1,"column":11857}},"type":"if","locations":[{"start":{"line":1,"column":11539},"end":{"line":1,"column":11857}},{"start":{"line":1,"column":11539},"end":{"line":1,"column":11857}}]},"108":{"loc":{"start":{"line":1,"column":11542},"end":{"line":1,"column":11541}},"type":"binary-expr","locations":[{"start":{"line":1,"column":11542},"end":{"line":1,"column":11541}},{"start":{"line":1,"column":11560},"end":{"line":1,"column":11542}}]},"109":{"loc":{"start":{"line":1,"column":11582},"end":{"line":1,"column":11610}},"type":"if","locations":[{"start":{"line":1,"column":11582},"end":{"line":1,"column":11610}},{"start":{"line":1,"column":11582},"end":{"line":1,"column":11610}}]},"110":{"loc":{"start":{"line":1,"column":11764},"end":{"line":1,"column":11856}},"type":"if","locations":[{"start":{"line":1,"column":11764},"end":{"line":1,"column":11856}},{"start":{"line":1,"column":11764},"end":{"line":1,"column":11856}}]},"111":{"loc":{"start":{"line":1,"column":11861},"end":{"line":1,"column":11876}},"type":"if","locations":[{"start":{"line":1,"column":11861},"end":{"line":1,"column":11876}},{"start":{"line":1,"column":11861},"end":{"line":1,"column":11876}}]},"112":{"loc":{"start":{"line":1,"column":11876},"end":{"line":1,"column":11891}},"type":"if","locations":[{"start":{"line":1,"column":11876},"end":{"line":1,"column":11891}},{"start":{"line":1,"column":11876},"end":{"line":1,"column":11891}}]},"113":{"loc":{"start":{"line":1,"column":11957},"end":{"line":1,"column":12068}},"type":"if","locations":[{"start":{"line":1,"column":11957},"end":{"line":1,"column":12068}},{"start":{"line":1,"column":11957},"end":{"line":1,"column":12068}}]},"114":{"loc":{"start":{"line":1,"column":11994},"end":{"line":1,"column":12067}},"type":"if","locations":[{"start":{"line":1,"column":11994},"end":{"line":1,"column":12067}},{"start":{"line":1,"column":11994},"end":{"line":1,"column":12067}}]},"115":{"loc":{"start":{"line":1,"column":12086},"end":{"line":1,"column":12166}},"type":"if","locations":[{"start":{"line":1,"column":12086},"end":{"line":1,"column":12166}},{"start":{"line":1,"column":12086},"end":{"line":1,"column":12166}}]},"116":{"loc":{"start":{"line":1,"column":12091},"end":{"line":1,"column":12092}},"type":"binary-expr","locations":[{"start":{"line":1,"column":12091},"end":{"line":1,"column":12092}},{"start":{"line":1,"column":12094},"end":{"line":1,"column":12089}}]},"117":{"loc":{"start":{"line":1,"column":12134},"end":{"line":1,"column":12118}},"type":"cond-expr","locations":[{"start":{"line":1,"column":12134},"end":{"line":1,"column":12118}},{"start":{"line":1,"column":12151},"end":{"line":1,"column":12116}}]},"118":{"loc":{"start":{"line":1,"column":14208},"end":{"line":1,"column":14266}},"type":"if","locations":[{"start":{"line":1,"column":14208},"end":{"line":1,"column":14266}},{"start":{"line":1,"column":14208},"end":{"line":1,"column":14266}}]},"119":{"loc":{"start":{"line":1,"column":14255},"end":{"line":1,"column":14244}},"type":"cond-expr","locations":[{"start":{"line":1,"column":14255},"end":{"line":1,"column":14244}},{"start":{"line":1,"column":14263},"end":{"line":1,"column":14232}}]},"120":{"loc":{"start":{"line":1,"column":14244},"end":{"line":1,"column":14245}},"type":"binary-expr","locations":[{"start":{"line":1,"column":14244},"end":{"line":1,"column":14245}},{"start":{"line":1,"column":14247},"end":{"line":1,"column":14244}}]},"121":{"loc":{"start":{"line":1,"column":14336},"end":{"line":1,"column":14349}},"type":"if","locations":[{"start":{"line":1,"column":14336},"end":{"line":1,"column":14349}},{"start":{"line":1,"column":14336},"end":{"line":1,"column":14349}}]},"122":{"loc":{"start":{"line":1,"column":14648},"end":{"line":1,"column":14698}},"type":"if","locations":[{"start":{"line":1,"column":14648},"end":{"line":1,"column":14698}},{"start":{"line":1,"column":14648},"end":{"line":1,"column":14698}}]},"123":{"loc":{"start":{"line":1,"column":14832},"end":{"line":1,"column":14798}},"type":"cond-expr","locations":[{"start":{"line":1,"column":14832},"end":{"line":1,"column":14798}},{"start":{"line":1,"column":14844},"end":{"line":1,"column":14790}}]},"124":{"loc":{"start":{"line":1,"column":14859},"end":{"line":1,"column":14858}},"type":"binary-expr","locations":[{"start":{"line":1,"column":14859},"end":{"line":1,"column":14858}},{"start":{"line":1,"column":14871},"end":{"line":1,"column":14854}}]},"125":{"loc":{"start":{"line":1,"column":14919},"end":{"line":1,"column":15433}},"type":"if","locations":[{"start":{"line":1,"column":14919},"end":{"line":1,"column":15433}},{"start":{"line":1,"column":14919},"end":{"line":1,"column":15433}}]},"126":{"loc":{"start":{"line":1,"column":14979},"end":{"line":1,"column":15046}},"type":"if","locations":[{"start":{"line":1,"column":14979},"end":{"line":1,"column":15046}},{"start":{"line":1,"column":14979},"end":{"line":1,"column":15046}}]},"127":{"loc":{"start":{"line":1,"column":14982},"end":{"line":1,"column":14981}},"type":"binary-expr","locations":[{"start":{"line":1,"column":14982},"end":{"line":1,"column":14981}},{"start":{"line":1,"column":14988},"end":{"line":1,"column":14982}},{"start":{"line":1,"column":14999},"end":{"line":1,"column":14979}}]},"128":{"loc":{"start":{"line":1,"column":15046},"end":{"line":1,"column":15062}},"type":"if","locations":[{"start":{"line":1,"column":15046},"end":{"line":1,"column":15062}},{"start":{"line":1,"column":15046},"end":{"line":1,"column":15062}}]},"129":{"loc":{"start":{"line":1,"column":15121},"end":{"line":1,"column":15255}},"type":"if","locations":[{"start":{"line":1,"column":15121},"end":{"line":1,"column":15255}},{"start":{"line":1,"column":15121},"end":{"line":1,"column":15255}}]},"130":{"loc":{"start":{"line":1,"column":15125},"end":{"line":1,"column":15124}},"type":"binary-expr","locations":[{"start":{"line":1,"column":15125},"end":{"line":1,"column":15124}},{"start":{"line":1,"column":15145},"end":{"line":1,"column":15125}},{"start":{"line":1,"column":15166},"end":{"line":1,"column":15124}},{"start":{"line":1,"column":15187},"end":{"line":1,"column":15124}},{"start":{"line":1,"column":15201},"end":{"line":1,"column":15121}}]},"131":{"loc":{"start":{"line":1,"column":15256},"end":{"line":1,"column":15432}},"type":"if","locations":[{"start":{"line":1,"column":15256},"end":{"line":1,"column":15432}},{"start":{"line":1,"column":15256},"end":{"line":1,"column":15432}}]},"132":{"loc":{"start":{"line":1,"column":15323},"end":{"line":1,"column":15322}},"type":"cond-expr","locations":[{"start":{"line":1,"column":15323},"end":{"line":1,"column":15322}},{"start":{"line":1,"column":15355},"end":{"line":1,"column":15317}}]},"133":{"loc":{"start":{"line":1,"column":15343},"end":{"line":1,"column":15323}},"type":"cond-expr","locations":[{"start":{"line":1,"column":15343},"end":{"line":1,"column":15323}},{"start":{"line":1,"column":15350},"end":{"line":1,"column":15322}}]},"134":{"loc":{"start":{"line":1,"column":15323},"end":{"line":1,"column":15322}},"type":"binary-expr","locations":[{"start":{"line":1,"column":15323},"end":{"line":1,"column":15322}},{"start":{"line":1,"column":15330},"end":{"line":1,"column":15323}}]},"135":{"loc":{"start":{"line":1,"column":15361},"end":{"line":1,"column":15377}},"type":"if","locations":[{"start":{"line":1,"column":15361},"end":{"line":1,"column":15377}},{"start":{"line":1,"column":15361},"end":{"line":1,"column":15377}}]},"136":{"loc":{"start":{"line":1,"column":15434},"end":{"line":1,"column":15485}},"type":"if","locations":[{"start":{"line":1,"column":15434},"end":{"line":1,"column":15485}},{"start":{"line":1,"column":15434},"end":{"line":1,"column":15485}}]},"137":{"loc":{"start":{"line":1,"column":15472},"end":{"line":1,"column":15484}},"type":"if","locations":[{"start":{"line":1,"column":15472},"end":{"line":1,"column":15484}},{"start":{"line":1,"column":15472},"end":{"line":1,"column":15484}}]}},"s":{"0":0,"1":0,"2":0,"3":0,"4":0,"5":0,"6":0,"7":0,"8":0,"9":0,"10":0,"11":0,"12":0,"13":0,"14":0,"15":0,"16":0,"17":0,"18":0,"19":0,"20":0,"21":0,"22":0,"23":0,"24":0,"25":0,"26":0,"27":0,"28":0,"29":0,"30":0,"31":0,"32":0,"33":0,"34":0,"35":0,"36":0,"37":0,"38":0,"39":0,"40":0,"41":0,"42":0,"43":0,"44":0,"45":0,"46":0,"47":0,"48":0,"49":0,"50":0,"51":0,"52":0,"53":0,"54":0,"55":0,"56":0,"57":0,"58":0,"59":0,"60":0,"61":0,"62":0,"63":0,"64":0,"65":0,"66":0,"67":0,"68":0,"69":0,"70":0,"71":0,"72":0,"73":0,"74":0,"75":0,"76":0,"77":0,"78":0,"79":0,"80":0,"81":0,"82":0,"83":0,"84":0,"85":0,"86":0,"87":0,"88":0,"89":0,"90":0,"91":0,"92":0,"93":0,"94":0,"95":0,"96":0,"97":0,"98":0,"99":0,"100":0,"101":0,"102":0,"103":0,"104":0,"105":0,"106":0,"107":0,"108":0,"109":0,"110":0,"111":0,"112":0,"113":0,"114":0,"115":0,"116":0,"117":0,"118":0,"119":0,"120":0,"121":0,"122":0,"123":0,"124":0,"125":0,"126":0,"127":0,"128":0,"129":0,"130":0,"131":0,"132":0,"133":0,"134":0,"135":0,"136":0,"137":0,"138":0,"139":0,"140":0,"141":0,"142":0,"143":0,"144":0,"145":0,"146":0,"147":0,"148":0,"149":0,"150":0,"151":0,"152":0,"153":0,"154":0,"155":0,"156":0,"157":0,"158":0,"159":0,"160":0,"161":0,"162":0,"163":0,"164":0,"165":0,"166":0,"167":0,"168":0,"169":0,"170":0,"171":0,"172":0,"173":0,"174":0,"175":0,"176":0,"177":0,"178":0,"179":0,"180":0,"181":0,"182":0,"183":0,"184":0,"185":0,"186":0,"187":0,"188":0,"189":0,"190":0,"191":0,"192":0,"193":0,"194":0,"195":0,"196":0,"197":0,"198":0,"199":0,"200":0,"201":0,"202":0,"203":0,"204":0,"205":0,"206":0,"207":0,"208":0,"209":0,"210":0,"211":0,"212":0,"213":0,"214":0,"215":0,"216":0,"217":0,"218":0,"219":0,"220":0,"221":0,"222":0,"223":0,"224":0,"225":0,"226":0,"227":0,"228":0,"229":0,"230":0,"231":0,"232":0,"233":0,"234":0,"235":0,"236":0,"237":0,"238":0,"239":0,"240":0,"241":0,"242":0,"243":0,"244":0,"245":0,"246":0,"247":0,"248":0,"249":0,"250":0,"251":0,"252":0,"253":0,"254":0,"255":0,"256":0,"257":0,"258":0,"259":0,"260":0,"261":0,"262":0,"263":0,"264":0,"265":0,"266":0,"267":0,"268":0,"269":0,"270":0,"271":0,"272":0,"273":0,"274":0,"275":0,"276":0,"277":0,"278":0,"279":0,"280":0,"281":0,"282":0,"283":0,"284":0,"285":0,"286":0,"287":0,"288":0,"289":0,"290":0,"291":0,"292":0,"293":0,"294":0,"295":0,"296":0,"297":0,"298":0,"299":0,"300":0,"301":0,"302":0,"303":0,"304":0,"305":0,"306":0,"307":0,"308":0,"309":0,"310":0,"311":0,"312":0,"313":0,"314":0,"315":0,"316":0,"317":0,"318":0,"319":0,"320":0,"321":0,"322":0,"323":0,"324":0,"325":0,"326":0,"327":0,"328":0,"329":0,"330":0,"331":0,"332":0,"333":0,"334":0,"335":0,"336":0,"337":0,"338":0,"339":0,"340":0,"341":0,"342":0,"343":0,"344":0,"345":0,"346":0,"347":0,"348":0,"349":0,"350":0,"351":0,"352":0,"353":0,"354":0,"355":0,"356":0,"357":0,"358":0,"359":0,"360":0,"361":0,"362":0,"363":0,"364":0,"365":0,"366":0,"367":0,"368":0,"369":0,"370":0,"371":0,"372":0,"373":0,"374":0,"375":0,"376":0,"377":0,"378":0,"379":0,"380":0,"381":0,"382":0,"383":0,"384":0,"385":0,"386":0,"387":0,"388":0,"389":0,"390":0,"391":0,"392":0,"393":0,"394":0,"395":0,"396":0,"397":0,"398":0,"399":0,"400":0,"401":0,"402":0,"403":0,"404":0,"405":0,"406":0,"407":0,"408":0,"409":0,"410":0,"411":0,"412":0,"413":0,"414":0,"415":0,"416":0,"417":0,"418":0,"419":0,"420":0,"421":0,"422":0,"423":0,"424":0,"425":0,"426":0,"427":0,"428":0,"429":0,"430":0,"431":0,"432":0,"433":0,"434":0,"435":0,"436":0,"437":0,"438":0,"439":0,"440":0,"441":0,"442":0,"443":0,"444":0,"445":0,"446":0,"447":0,"448":0,"449":0,"450":0,"451":0,"452":0,"453":0,"454":0,"455":0,"456":0,"457":0,"458":0,"459":0,"460":0,"461":0,"462":0,"463":0,"464":0,"465":0,"466":0,"467":0,"468":0,"469":0,"470":0,"471":0,"472":0,"473":0,"474":0,"475":0,"476":0,"477":0,"478":0,"479":0,"480":0,"481":0,"482":0,"483":0,"484":0,"485":0,"486":0,"487":0,"488":0,"489":0,"490":0,"491":0,"492":0,"493":0,"494":0,"495":0,"496":0,"497":0,"498":0,"499":0,"500":0,"501":0},"f":{"0":0,"1":0,"2":0,"3":0,"4":0,"5":0,"6":0,"7":0,"8":0,"9":0,"10":0,"11":0,"12":0,"13":0,"14":0,"15":0,"16":0,"17":0,"18":0,"19":0,"20":0,"21":0,"22":0,"23":0,"24":0,"25":0,"26":0,"27":0,"28":0},"b":{"0":[0,0],"1":[0,0],"2":[0,0],"3":[0,0],"4":[0,0],"5":[0,0],"6":[0,0],"7":[0,0],"8":[0,0],"9":[0,0],"10":[0,0],"11":[0,0,0,0],"12":[0,0],"13":[0,0],"14":[0,0],"15":[0,0],"16":[0,0],"17":[0,0],"18":[0,0],"19":[0,0],"20"
[...]
"column":22}}},"12":{"name":"onClick","decl":{"start":{"line":146,"column":21},"end":{"line":null,"column":-1}},"loc":{"start":{"line":146,"column":21},"end":{"line":null,"column":-1}}}},"branchMap":{"0":{"loc":{"start":{"line":36,"column":35},"end":{"line":null,"column":-1}},"type":"switch","locations":[{"start":{"line":36,"column":35},"end":{"line":null,"column":-1}},{"start":{"line":36,"column":35},"end":{"line":null,"column":-1}},{"start":{"line":36,"column":35},"end":{"line":71,"column":8}},{"start":{"line":36,"column":35},"end":{"line":null,"column":-1}},{"start":{"line":36,"column":35},"end":{"line":null,"column":-1}}]},"1":{"loc":{"start":{"line":36,"column":35},"end":{"line":null,"column":-1}},"type":"if","locations":[{"start":{"line":36,"column":35},"end":{"line":null,"column":-1}},{"start":{"line":36,"column":35},"end":{"line":null,"column":-1}}]},"2":{"loc":{"start":{"line":88,"column":4},"end":{"line":90,"column":5}},"type":"if","locations":[{"start":{"line":88,"column":4},"end":{"line":90,"column":5}},{"start":{"line":88,"column":4},"end":{"line":90,"column":5}}]},"3":{"loc":{"start":{"line":114,"column":29},"end":{"line":114,"column":15}},"type":"cond-expr","locations":[{"start":{"line":114,"column":29},"end":{"line":114,"column":15}},{"start":{"line":114,"column":43},"end":{"line":113,"column":6}}]},"4":{"loc":{"start":{"line":143,"column":10},"end":{"line":142,"column":9}},"type":"cond-expr","locations":[{"start":{"line":143,"column":10},"end":{"line":142,"column":9}},{"start":{"line":148,"column":12},"end":{"line":113,"column":6}}]}},"s":{"0":0,"1":0,"2":0,"3":0,"4":0,"5":0,"6":0,"7":0,"8":0,"9":0,"10":0,"11":0,"12":0,"13":0,"14":0,"15":0,"16":0,"17":0,"18":0,"19":0,"20":0,"21":0,"22":0,"23":0,"24":0,"25":0,"26":0,"27":0,"28":0,"29":0,"30":0,"31":0,"32":0,"33":0,"34":0,"35":0,"36":0,"37":0,"38":0,"39":0,"40":0,"41":0,"42":0,"43":0,"44":0,"45":0,"46":0,"47":0,"48":0,"49":0,"50":0,"51":0,"52":0,"53":0,"54":0,"55":0,"56":0,"57":0,"58":0,"59":0},"f":{"0":0,"1":0,"2":0,"3":0,"4":0,"5":0,"6":0,"7":0,"8":0,"9":0,"10":0,"11":0,"12":0},"b":{"0":[0,0,0,0,0],"1":[0,0],"2":[0,0],"3":[0,0],"4":[0,0]}}
,"D:\\GitHub\\studenthub\\src\\components\\pages\\resources\\Resources.js": {"path":"D:\\GitHub\\studenthub\\src\\components\\pages\\resources\\Resources.js","statementMap":{"0":{"start":{"line":1,"column":0},"end":{"line":null,"column":-1}},"1":{"start":{"line":2,"column":0},"end":{"line":null,"column":-1}},"2":{"start":{"line":3,"column":0},"end":{"line":null,"column":-1}},"3":{"start":{"line":4,"column":0},"end":{"line":null,"column":-1}},"4":{"start":{"line":5,"column":0},"end":{"line":null,"column":-1}},"5":{"start":{"line":8,"column":20},"end":{"line":null,"column":-1}},"6":{"start":{"line":9,"column":4},"end":{"line":null,"column":-1}},"7":{"start":{"line":22,"column":4},"end":{"line":null,"column":-1}},"8":{"start":{"line":22,"column":28},"end":{"line":null,"column":-1}},"9":{"start":{"line":28,"column":4},"end":{"line":null,"column":-1}},"10":{"start":{"line":34,"column":4},"end":{"line":null,"column":-1}},"11":{"start":{"line":10,"column":4},"end":{"line":null,"column":-1}},"12":{"start":{"line":17,"column":4},"end":{"line":null,"column":-1}},"13":{"start":{"line":41,"column":4},"end":{"line":null,"column":-1}}},"fnMap":{"0":{"name":"Resources","decl":{"start":{"line":8,"column":2},"end":{"line":8,"column":13}},"loc":{"start":{"line":8,"column":20},"end":{"line":14,"column":3}}},"1":{"name":"(anonymous_18)","decl":{"start":{"line":21,"column":18},"end":{"line":21,"column":23}},"loc":{"start":{"line":21,"column":24},"end":{"line":8,"column":20}}},"2":{"name":"(anonymous_19)","decl":{"start":{"line":22,"column":19},"end":{"line":22,"column":18}},"loc":{"start":{"line":22,"column":28},"end":{"line":22,"column":4}}},"3":{"name":"(anonymous_20)","decl":{"start":{"line":27,"column":18},"end":{"line":27,"column":18}},"loc":{"start":{"line":27,"column":29},"end":{"line":8,"column":20}}},"4":{"name":"(anonymous_21)","decl":{"start":{"line":33,"column":20},"end":{"line":33,"column":20}},"loc":{"start":{"line":33,"column":31},"end":{"line":8,"column":20}}}},"branchMap":{"0":{"loc":{"start":{"line":45,"column":30},"end":{"line":45,"column":9}},"type":"cond-expr","locations":[{"start":{"line":45,"column":30},"end":{"line":45,"column":9}},{"start":{"line":45,"column":122},"end":{"line":42,"column":6}}]}},"s":{"0":0,"1":0,"2":0,"3":0,"4":0,"5":0,"6":0,"7":0,"8":0,"9":0,"10":0,"11":0,"12":0,"13":0},"f":{"0":0,"1":0,"2":0,"3":0,"4":0},"b":{"0":[0,0]}}
,"D:\\GitHub\\studenthub\\src\\components\\pages\\studygroup\\Studygroup.js": {"path":"D:\\GitHub\\studenthub\\src\\components\\pages\\studygroup\\Studygroup.js","statementMap":{"0":{"start":{"line":1,"column":0},"end":{"line":null,"column":-1}},"1":{"start":{"line":2,"column":0},"end":{"line":null,"column":-1}},"2":{"start":{"line":4,"column":0},"end":{"line":null,"column":-1}},"3":{"start":{"line":5,"column":0},"end":{"line":null,"column":-1}},"4":{"start":{"line":6,"column":0},"end":{"line":null,"column":-1}},"5":{"start":{"line":7,"column":0},"end":{"line":null,"column":-1}},"6":{"start":{"line":8,"column":0},"end":{"line":null,"column":-1}},"7":{"start":{"line":14,"column":20},"end":{"line":null,"column":-1}},"8":{"start":{"line":15,"column":4},"end":{"line":null,"column":-1}},"9":{"start":{"line":83,"column":4},"end":{"line":null,"column":-1}},"10":{"start":{"line":89,"column":4},"end":{"line":null,"column":-1}},"11":{"start":{"line":95,"column":4},"end":{"line":null,"column":-1}},"12":{"start":{"line":107,"column":4},"end":{"line":null,"column":-1}},"13":{"start":{"line":17,"column":4},"end":{"line":null,"column":-1}},"14":{"start":{"line":26,"column":4},"end":{"line":null,"column":-1}},"15":{"start":{"line":27,"column":4},"end":{"line":null,"column":-1}},"16":{"start":{"line":28,"column":4},"end":{"line":null,"column":-1}},"17":{"start":{"line":32,"column":4},"end":{"line":null,"column":-1}},"18":{"start":{"line":36,"column":6},"end":{"line":null,"column":-1}},"19":{"start":{"line":37,"column":16},"end":{"line":null,"column":-1}},"20":{"start":{"line":38,"column":4},"end":{"line":null,"column":-1}},"21":{"start":{"line":42,"column":4},"end":{"line":null,"column":-1}},"22":{"start":{"line":58,"column":6},"end":{"line":null,"column":-1}},"23":{"start":{"line":59,"column":6},"end":{"line":null,"column":-1}},"24":{"start":{"line":59,"column":24},"end":{"line":null,"column":-1}},"25":{"start":{"line":76,"column":6},"end":{"line":null,"column":-1}},"26":{"start":{"line":78,"column":6},"end":{"line":null,"column":-1}},"27":{"start":{"line":102,"column":4},"end":{"line":null,"column":-1}},"28":{"start":{"line":112,"column":4},"end":{"line":null,"column":-1}},"29":{"start":{"line":112,"column":27},"end":{"line":null,"column":-1}},"30":{"start":{"line":130,"column":23},"end":{"line":130,"column":4}},"31":{"start":{"line":131,"column":28},"end":{"line":131,"column":4}},"32":{"start":{"line":132,"column":13},"end":{"line":132,"column":4}},"33":{"start":{"line":134,"column":22},"end":{"line":134,"column":4}},"34":{"start":{"line":135,"column":4},"end":{"line":140,"column":5}},"35":{"start":{"line":136,"column":6},"end":{"line":null,"column":-1}},"36":{"start":{"line":142,"column":4},"end":{"line":null,"column":-1}},"37":{"start":{"line":157,"column":74},"end":{"line":null,"column":-1}}},"fnMap":{"0":{"name":"Studygroup","decl":{"start":{"line":14,"column":2},"end":{"line":14,"column":13}},"loc":{"start":{"line":14,"column":20},"end":{"line":29,"column":3}}},"1":{"name":"(anonymous_28)","decl":{"start":{"line":82,"column":14},"end":{"line":82,"column":19}},"loc":{"start":{"line":82,"column":20},"end":{"line":14,"column":20}}},"2":{"name":"(anonymous_29)","decl":{"start":{"line":88,"column":17},"end":{"line":88,"column":22}},"loc":{"start":{"line":88,"column":23},"end":{"line":14,"column":20}}},"3":{"name":"(anonymous_30)","decl":{"start":{"line":94,"column":26},"end":{"line":94,"column":31}},"loc":{"start":{"line":94,"column":32},"end":{"line":14,"column":20}}},"4":{"name":"(anonymous_31)","decl":{"start":{"line":105,"column":13},"end":{"line":105,"column":13}},"loc":{"start":{"line":105,"column":22},"end":{"line":14,"column":20}}},"5":{"name":"(anonymous_35)","decl":{"start":{"line":35,"column":12},"end":{"line":35,"column":11}},"loc":{"start":{"line":35,"column":20},"end":{"line":33,"column":10}}},"6":{"name":"(anonymous_36)","decl":{"start":{"line":37,"column":13},"end":{"line":37,"column":12}},"loc":{"start":{"line":37,"column":16},"end":{"line":33,"column":10}}},"7":{"name":"(anonymous_41)","decl":{"start":{"line":56,"column":47},"end":{"line":56,"column":46}},"loc":{"start":{"line":56,"column":59},"end":{"line":56,"column":10}}},"8":{"name":"(anonymous_42)","decl":{"start":{"line":59,"column":24},"end":{"line":59,"column":24}},"loc":{"start":{"line":59,"column":24},"end":{"line":59,"column":6}}},"9":{"name":"(anonymous_43)","decl":{"start":{"line":77,"column":13},"end":{"line":77,"column":12}},"loc":{"start":{"line":77,"column":18},"end":{"line":56,"column":10}}},"10":{"name":"(anonymous_47)","decl":{"start":{"line":112,"column":18},"end":{"line":112,"column":17}},"loc":{"start":{"line":112,"column":27},"end":{"line":112,"column":4}}},"11":{"name":"(anonymous_49)","decl":{"start":{"line":157,"column":74},"end":{"line":157,"column":74}},"loc":{"start":{"line":157,"column":74},"end":{"line":157,"column":44}}}},"branchMap":{"0":{"loc":{"start":{"line":131,"column":59},"end":{"line":131,"column":28}},"type":"cond-expr","locations":[{"start":{"line":131,"column":59},"end":{"line":131,"column":28}},{"start":{"line":131,"column":90},"end":{"line":131,"column":4}}]},"1":{"loc":{"start":{"line":132,"column":44},"end":{"line":132,"column":13}},"type":"cond-expr","locations":[{"start":{"line":132,"column":44},"end":{"line":132,"column":13}},{"start":{"line":132,"column":83},"end":{"line":132,"column":4}}]},"2":{"loc":{"start":{"line":147,"column":29},"end":{"line":147,"column":11}},"type":"cond-expr","locations":[{"start":{"line":147,"column":29},"end":{"line":147,"column":11}},{"start":{"line":147,"column":169},"end":{"line":144,"column":8}}]},"3":{"loc":{"start":{"line":147,"column":127},"end":{"line":147,"column":124}},"type":"cond-expr","locations":[{"start":{"line":147,"column":127},"end":{"line":147,"column":124}},{"start":{"line":147,"column":139},"end":{"line":147,"column":150}}]},"4":{"loc":{"start":{"line":157,"column":44},"end":{"line":157,"column":13}},"type":"cond-expr","locations":[{"start":{"line":157,"column":44},"end":{"line":157,"column":13}},{"start":{"line":159,"column":17},"end":{"line":153,"column":10}}]},"5":{"loc":{"start":{"line":181,"column":56},"end":{"line":181,"column":17}},"type":"cond-expr","locations":[{"start":{"line":181,"column":56},"end":{"line":181,"column":17}},{"start":{"line":181,"column":71},"end":{"line":180,"column":8}}]}},"s":{"0":0,"1":0,"2":0,"3":0,"4":0,"5":0,"6":0,"7":0,"8":0,"9":0,"10":0,"11":0,"12":0,"13":0,"14":0,"15":0,"16":0,"17":0,"18":0,"19":0,"20":0,"21":0,"22":0,"23":0,"24":0,"25":0,"26":0,"27":0,"28":0,"29":0,"30":0,"31":0,"32":0,"33":0,"34":0,"35":0,"36":0,"37":0},"f":{"0":0,"1":0,"2":0,"3":0,"4":0,"5":0,"6":0,"7":0,"8":0,"9":0,"10":0,"11":0},"b":{"0":[0,0],"1":[0,0],"2":[0,0],"3":[0,0],"4":[0,0],"5":[0,0]}}
,"D:\\GitHub\\studenthub\\src\\components\\pages\\studygroup\\createStudyGroup.js": {"path":"D:\\GitHub\\studenthub\\src\\components\\pages\\studygroup\\createStudyGroup.js","statementMap":{"0":{"start":{"line":2,"column":0},"end":{"line":null,"column":-1}},"1":{"start":{"line":3,"column":0},"end":{"line":null,"column":-1}},"2":{"start":{"line":4,"column":0},"end":{"line":null,"column":-1}},"3":{"start":{"line":5,"column":0},"end":{"line":null,"column":-1}},"4":{"start":{"line":6,"column":0},"end":{"line":null,"column":-1}},"5":{"start":{"line":7,"column":0},"end":{"line":null,"column":-1}},"6":{"start":{"line":11,"column":9},"end":{"line":11,"column":0}},"7":{"start":{"line":14,"column":20},"end":{"line":null,"column":-1}},"8":{"start":{"line":15,"column":4},"end":{"line":null,"column":-1}},"9":{"start":{"line":38,"column":21},"end":{"line":37,"column":18}},"10":{"start":{"line":40,"column":17},"end":{"line":40,"column":4}},"11":{"start":{"line":42,"column":4},"end":{"line":44,"column":5}},"12":{"start":{"line":43,"column":6},"end":{"line":null,"column":-1}},"13":{"start":{"line":45,"column":4},"end":{"line":null,"column":-1}},"14":{"start":{"line":46,"column":27},"end":{"line":null,"column":-1}},"15":{"start":{"line":51,"column":21},"end":{"line":50,"column":14}},"16":{"start":{"line":53,"column":17},"end":{"line":53,"column":4}},"17":{"start":{"line":54,"column":21},"end":{"line":54,"column":4}},"18":{"start":{"line":57,"column":4},"end":{"line":null,"column":-1}},"19":{"start":{"line":63,"column":4},"end":{"line":null,"column":-1}},"20":{"start":{"line":64,"column":4},"end":{"line":null,"column":-1}},"21":{"start":{"line":64,"column":44},"end":{"line":null,"column":-1}},"22":{"start":{"line":66,"column":8},"end":{"line":64,"column":44}},"23":{"start":{"line":68,"column":12},"end":{"line":64,"column":44}},"24":{"start":{"line":69,"column":12},"end":{"line":64,"column":44}},"25":{"start":{"line":70,"column":12},"end":{"line":64,"column":44}},"26":{"start":{"line":71,"column":12},"end":{"line":64,"column":44}},"27":{"start":{"line":72,"column":12},"end":{"line":64,"column":44}},"28":{"start":{"line":73,"column":12},"end":{"line":64,"column":44}},"29":{"start":{"line":74,"column":12},"end":{"line":64,"column":44}},"30":{"start":{"line":75,"column":12},"end":{"line":64,"column":44}},"31":{"start":{"line":77,"column":12},"end":{"line":64,"column":44}},"32":{"start":{"line":78,"column":12},"end":{"line":64,"column":44}},"33":{"start":{"line":79,"column":12},"end":{"line":64,"column":44}},"34":{"start":{"line":84,"column":10},"end":{"line":null,"column":-1}},"35":{"start":{"line":85,"column":10},"end":{"line":null,"column":-1}},"36":{"start":{"line":88,"column":10},"end":{"line":82,"column":63}},"37":{"start":{"line":90,"column":10},"end":{"line":null,"column":-1}},"38":{"start":{"line":91,"column":10},"end":{"line":null,"column":-1}},"39":{"start":{"line":93,"column":10},"end":{"line":null,"column":-1}},"40":{"start":{"line":94,"column":10},"end":{"line":null,"column":-1}},"41":{"start":{"line":16,"column":4},"end":{"line":null,"column":-1}},"42":{"start":{"line":26,"column":21},"end":{"line":25,"column":22}},"43":{"start":{"line":27,"column":4},"end":{"line":null,"column":-1}},"44":{"start":{"line":30,"column":4},"end":{"line":null,"column":-1}},"45":{"start":{"line":102,"column":18},"end":{"line":102,"column":4}},"46":{"start":{"line":103,"column":15},"end":{"line":103,"column":4}},"47":{"start":{"line":104,"column":17},"end":{"line":104,"column":4}},"48":{"start":{"line":108,"column":4},"end":{"line":null,"column":-1}},"49":{"start":{"line":111,"column":6},"end":{"line":null,"column":-1}},"50":{"start":{"line":115,"column":11},"end":{"line":null,"column":-1}},"51":{"start":{"line":116,"column":49},"end":{"line":115,"column":11}},"52":{"start":{"line":115,"column":11},"end":{"line":115,"column":10}},"53":{"start":{"line":117,"column":24},"end":{"line":117,"column":4}},"54":{"start":{"line":119,"column":4},"end":{"line":null,"column":-1}},"55":{"start":{"line":120,"column":17},"end":{"line":120,"column":4}},"56":{"start":{"line":121,"column":22},"end":{"line":121,"column":4}},"57":{"start":{"line":121,"column":31},"end":{"line":null,"column":-1}},"58":{"start":{"line":146,"column":21},"end":{"line":null,"column":-1}},"59":{"start":{"line":152,"column":4},"end":{"line":null,"column":-1}},"60":{"start":{"line":219,"column":29},"end":{"line":219,"column":0}}},"fnMap":{"0":{"name":"CreateStudyGroup","decl":{"start":{"line":14,"column":2},"end":{"line":14,"column":13}},"loc":{"start":{"line":14,"column":20},"end":{"line":23,"column":3}}},"1":{"name":"(anonymous_23)","decl":{"start":{"line":37,"column":11},"end":{"line":37,"column":11}},"loc":{"start":{"line":37,"column":18},"end":{"line":14,"column":20}}},"2":{"name":"(anonymous_24)","decl":{"start":{"line":46,"column":24},"end":{"line":46,"column":23}},"loc":{"start":{"line":46,"column":27},"end":{"line":46,"column":12}}},"3":{"name":"(anonymous_25)","decl":{"start":{"line":50,"column":8},"end":{"line":50,"column":13}},"loc":{"start":{"line":50,"column":14},"end":{"line":14,"column":20}}},"4":{"name":"(anonymous_26)","decl":{"start":{"line":62,"column":17},"end":{"line":62,"column":17}},"loc":{"start":{"line":62,"column":24},"end":{"line":14,"column":20}}},"5":{"name":"(anonymous_27)","decl":{"start":{"line":64,"column":4},"end":{"line":null,"column":-1}},"loc":{"start":{"line":64,"column":4},"end":{"line":null,"column":-1}}},"6":{"name":"_callee","decl":{"start":{"line":64,"column":44},"end":{"line":64,"column":50}},"loc":{"start":{"line":64,"column":44},"end":{"line":64,"column":4}}},"7":{"name":"_callee$","decl":{"start":{"line":64,"column":44},"end":{"line":null,"column":-1}},"loc":{"start":{"line":64,"column":44},"end":{"line":null,"column":-1}}},"8":{"name":"(anonymous_30)","decl":{"start":{"line":82,"column":51},"end":{"line":82,"column":50}},"loc":{"start":{"line":82,"column":63},"end":{"line":82,"column":14}}},"9":{"name":"(anonymous_31)","decl":{"start":{"line":92,"column":17},"end":{"line":92,"column":16}},"loc":{"start":{"line":92,"column":26},"end":{"line":82,"column":14}}},"10":{"name":"(anonymous_35)","decl":{"start":{"line":108,"column":41},"end":{"line":108,"column":40}},"loc":{"start":{"line":108,"column":53},"end":{"line":108,"column":4}}},"11":{"name":"(anonymous_36)","decl":{"start":{"line":110,"column":13},"end":{"line":110,"column":12}},"loc":{"start":{"line":110,"column":22},"end":{"line":108,"column":4}}},"12":{"name":"(anonymous_38)","decl":{"start":{"line":121,"column":31},"end":{"line":121,"column":31}},"loc":{"start":{"line":121,"column":31},"end":{"line":121,"column":22}}},"13":{"name":"onClick","decl":{"start":{"line":146,"column":21},"end":{"line":null,"column":-1}},"loc":{"start":{"line":146,"column":21},"end":{"line":null,"column":-1}}}},"branchMap":{"0":{"loc":{"start":{"line":42,"column":4},"end":{"line":44,"column":5}},"type":"if","locations":[{"start":{"line":42,"column":4},"end":{"line":44,"column":5}},{"start":{"line":42,"column":4},"end":{"line":44,"column":5}}]},"1":{"loc":{"start":{"line":64,"column":44},"end":{"line":null,"column":-1}},"type":"switch","locations":[{"start":{"line":64,"column":44},"end":{"line":null,"column":-1}},{"start":{"line":64,"column":44},"end":{"line":null,"column":-1}},{"start":{"line":64,"column":44},"end":{"line":null,"column":-1}}]},"2":{"loc":{"start":{"line":64,"column":44},"end":{"line":null,"column":-1}},"type":"if","locations":[{"start":{"line":64,"column":44},"end":{"line":null,"column":-1}},{"start":{"line":64,"column":44},"end":{"line":null,"column":-1}}]},"3":{"loc":{"start":{"line":123,"column":29},"end":{"line":123,"column":15}},"type":"cond-expr","locations":[{"start":{"line":123,"column":29},"end":{"line":123,"column":15}},{"start":{"line":123,"column":48},"end":{"line":122,"column":6}}]},"4":{"loc":{"start":{"line":142,"column":10},"end":{"line":141,"column":9}},"type":"cond-expr","locations":[{"start":{"line":142,"column":10},"end":{"line":141,"column":9}},{"start":{"line":148,"column":12},"end":{"line":122,"column":6}}]}},"s":{"0":0,"1":0,"2":0,"3":0,"4":0,"5":0,"6":0,"7":0,"8":0,"9":0,"10":0,"11":0,"12":0,"13":0,"14":0,"15":0,"16":0,"17":0,"18":0,"19":0,"20":0,"21":0,"22":0,"23":0,"24":0,"25":0,"26":0,"27":0,"28":0,"29":0,"30":0,"31":0,"32":0,"33":0,"34":0,"35":0,"36":0,"37":0,"38":0,"39":0,"40":0,"41":0,"42":0,"43":0,"44":0,"45":0,"46":0,"47":0,"48":0,"49":0,"50":0,"51":0,"52":0,"53":0,"54":0,"55":0,"56":0,"57":0,"58":0,"59":0,"60":0},"f":{"0":0,"1":0,"2":0,"3":0,"4":0,"5":0,"6":0,"7":0,"8":0,"9":0,"10":0,"11":0,"12":0,"13":0},"b":{"0":[0,0],"1":[0,0,0],"2":[0,0],"3":[0,0],"4":[0,0]}}
}
